0 verbose cli C:\Program Files\nodejs\node.exe C:\Program Files\nodejs\node_modules\npm\bin\npm-cli.js
1 info using npm@10.9.3
2 info using node@v22.18.0
3 silly config load:file:C:\Program Files\nodejs\node_modules\npm\npmrc
4 silly config load:file:C:\Users\Ayano\Desktop\mono-app\.npmrc
5 silly config load:file:D:\DATA\SPB_Data\.npmrc
6 silly config load:file:D:\Program Files\nodejs\node_global\etc\npmrc
7 verbose title npm install @react-navigation/native @react-navigation/bottom-tabs @react-navigation/native-stack react-native-screens react-native-safe-area-context react-native-gesture-handler react-native-reanimated @react-native-async-storage/async-storage date-fns
8 verbose argv "install" "@react-navigation/native" "@react-navigation/bottom-tabs" "@react-navigation/native-stack" "react-native-screens" "react-native-safe-area-context" "react-native-gesture-handler" "react-native-reanimated" "@react-native-async-storage/async-storage" "date-fns"
9 verbose logfile logs-max:10 dir:C:\Users\Ayano\Desktop\mono-app\%APPDATA%\npm-cache\_logs\2026-02-23T00_44_07_110Z-
10 verbose logfile C:\Users\Ayano\Desktop\mono-app\%APPDATA%\npm-cache\_logs\2026-02-23T00_44_07_110Z-debug-0.log
11 silly logfile done cleaning log files
12 silly packumentCache heap:2197815296 maxSize:549453824 maxEntrySize:274726912
13 silly idealTree buildDeps
14 silly fetch manifest @react-navigation/native@*
15 silly packumentCache full:https://registry.npmmirror.com/@react-navigation%2fnative cache-miss
16 http fetch GET 200 https://registry.npmmirror.com/@react-navigation%2fnative 721ms (cache miss)
17 silly packumentCache full:https://registry.npmmirror.com/@react-navigation%2fnative set size:122376 disposed:false
18 silly fetch manifest react@19.1.0
19 silly packumentCache full:https://registry.npmmirror.com/react cache-miss
20 http fetch GET 200 https://registry.npmmirror.com/npm 2600ms
21 http fetch GET 200 https://registry.npmmirror.com/react 6142ms (cache miss)
22 silly packumentCache full:https://registry.npmmirror.com/react set size:1187218 disposed:false
23 silly fetch manifest react-native@0.81.5
24 silly packumentCache full:https://registry.npmmirror.com/react-native cache-miss
25 http fetch GET 200 https://registry.npmmirror.com/react-native 6584ms (cache miss)
26 silly packumentCache full:https://registry.npmmirror.com/react-native set size:1683341 disposed:false
27 silly fetch manifest @types/react@~19.1.0
28 silly packumentCache full:https://registry.npmmirror.com/@types%2freact cache-miss
29 http fetch GET 200 https://registry.npmmirror.com/@types%2freact 1749ms (cache miss)
30 silly packumentCache full:https://registry.npmmirror.com/@types%2freact set size:331315 disposed:false
31 silly fetch manifest @react-navigation/bottom-tabs@*
32 silly packumentCache full:https://registry.npmmirror.com/@react-navigation%2fbottom-tabs cache-miss
33 http fetch GET 200 https://registry.npmmirror.com/@react-navigation%2fbottom-tabs 1234ms (cache miss)
34 silly packumentCache full:https://registry.npmmirror.com/@react-navigation%2fbottom-tabs set size:133495 disposed:false
35 silly fetch manifest react-native-safe-area-context@*
36 silly packumentCache full:https://registry.npmmirror.com/react-native-safe-area-context cache-miss
37 http fetch GET 200 https://registry.npmmirror.com/react-native-safe-area-context 543ms (cache miss)
38 silly packumentCache full:https://registry.npmmirror.com/react-native-safe-area-context set size:83314 disposed:false
39 silly fetch manifest react-native-screens@*
40 silly packumentCache full:https://registry.npmmirror.com/react-native-screens cache-miss
41 http fetch GET 200 https://registry.npmmirror.com/react-native-screens 1278ms (cache miss)
42 silly packumentCache full:https://registry.npmmirror.com/react-native-screens set size:342858 disposed:false
43 silly fetch manifest @react-navigation/native-stack@*
44 silly packumentCache full:https://registry.npmmirror.com/@react-navigation%2fnative-stack cache-miss
45 http fetch GET 200 https://registry.npmmirror.com/@react-navigation%2fnative-stack 539ms (cache miss)
46 silly packumentCache full:https://registry.npmmirror.com/@react-navigation%2fnative-stack set size:110428 disposed:false
47 silly fetch manifest react-native-gesture-handler@*
48 silly packumentCache full:https://registry.npmmirror.com/react-native-gesture-handler cache-miss
49 http fetch GET 200 https://registry.npmmirror.com/react-native-gesture-handler 755ms (cache miss)
50 silly packumentCache full:https://registry.npmmirror.com/react-native-gesture-handler set size:92596 disposed:false
51 silly fetch manifest react-native-reanimated@*
52 silly packumentCache full:https://registry.npmmirror.com/react-native-reanimated cache-miss
53 http fetch GET 200 https://registry.npmmirror.com/react-native-reanimated 4659ms (cache miss)
54 silly packumentCache full:https://registry.npmmirror.com/react-native-reanimated set size:1077558 disposed:false
55 silly fetch manifest react-native-worklets@>=0.7.0
56 silly packumentCache full:https://registry.npmmirror.com/react-native-worklets cache-miss
57 http fetch GET 200 https://registry.npmmirror.com/react-native-worklets 1241ms (cache miss)
58 silly packumentCache full:https://registry.npmmirror.com/react-native-worklets set size:191777 disposed:false
59 silly fetch manifest @babel/core@*
60 silly packumentCache full:https://registry.npmmirror.com/@babel%2fcore cache-miss
61 http fetch GET 200 https://registry.npmmirror.com/@babel%2fcore 367ms (cache miss)
62 silly packumentCache full:https://registry.npmmirror.com/@babel%2fcore set size:107702 disposed:false
63 silly fetch manifest @react-native-async-storage/async-storage@*
64 silly packumentCache full:https://registry.npmmirror.com/@react-native-async-storage%2fasync-storage cache-miss
65 http fetch GET 200 https://registry.npmmirror.com/@react-native-async-storage%2fasync-storage 390ms (cache miss)
66 silly packumentCache full:https://registry.npmmirror.com/@react-native-async-storage%2fasync-storage set size:56996 disposed:false
67 silly fetch manifest date-fns@*
68 silly packumentCache full:https://registry.npmmirror.com/date-fns cache-miss
69 http fetch GET 200 https://registry.npmmirror.com/date-fns 1478ms (cache miss)
70 silly packumentCache full:https://registry.npmmirror.com/date-fns set size:420642 disposed:false
71 silly placeDep ROOT @react-native-async-storage/async-storage@2.2.0 OK for: mono-app@1.0.0 want: *
72 silly placeDep ROOT @react-navigation/bottom-tabs@7.14.0 OK for: mono-app@1.0.0 want: *
73 silly placeDep ROOT @react-navigation/native@7.1.28 OK for: @react-navigation/bottom-tabs@7.14.0 want: ^7.1.28
74 silly placeDep ROOT react-native-safe-area-context@5.6.2 OK for: @react-navigation/bottom-tabs@7.14.0 want: >= 4.0.0
75 silly placeDep ROOT react-native-screens@4.23.0 OK for: @react-navigation/bottom-tabs@7.14.0 want: >= 4.0.0
76 silly placeDep ROOT @react-navigation/native@7.1.28 REPLACE for: mono-app@1.0.0 want: *
77 silly placeDep ROOT @react-navigation/native-stack@7.13.0 OK for: mono-app@1.0.0 want: *
78 silly placeDep ROOT date-fns@4.1.0 OK for: mono-app@1.0.0 want: *
79 silly placeDep ROOT react-native-gesture-handler@2.30.0 OK for: mono-app@1.0.0 want: *
80 silly placeDep ROOT react-native-reanimated@4.2.2 OK for: mono-app@1.0.0 want: *
81 silly placeDep ROOT react-native-worklets@0.7.4 OK for: react-native-reanimated@4.2.2 want: >=0.7.0
82 silly placeDep ROOT react-native-safe-area-context@5.6.2 REPLACE for: mono-app@1.0.0 want: *
83 silly placeDep ROOT react-native-screens@4.23.0 REPLACE for: mono-app@1.0.0 want: *
84 silly fetch manifest merge-options@^3.0.4
85 silly packumentCache full:https://registry.npmmirror.com/merge-options cache-miss
86 silly fetch manifest @react-navigation/elements@^2.9.5
87 silly packumentCache full:https://registry.npmmirror.com/@react-navigation%2felements cache-miss
88 silly fetch manifest color@^4.2.3
89 silly packumentCache full:https://registry.npmmirror.com/color cache-miss
90 silly fetch manifest sf-symbols-typescript@^2.1.0
91 silly packumentCache full:https://registry.npmmirror.com/sf-symbols-typescript cache-miss
92 silly fetch manifest react-freeze@^1.0.0
93 silly packumentCache full:https://registry.npmmirror.com/react-freeze cache-miss
94 silly fetch manifest warn-once@^0.1.0
95 silly packumentCache full:https://registry.npmmirror.com/warn-once cache-miss
96 silly fetch manifest @react-navigation/core@^7.14.0
97 silly packumentCache full:https://registry.npmmirror.com/@react-navigation%2fcore cache-miss
98 silly fetch manifest escape-string-regexp@^4.0.0
99 silly packumentCache full:https://registry.npmmirror.com/escape-string-regexp cache-miss
100 silly fetch manifest fast-deep-equal@^3.1.3
101 silly packumentCache full:https://registry.npmmirror.com/fast-deep-equal cache-miss
102 silly fetch manifest use-latest-callback@^0.2.4
103 silly packumentCache full:https://registry.npmmirror.com/use-latest-callback cache-miss
104 silly fetch manifest @react-navigation/core@^7.14.0
105 silly packumentCache full:https://registry.npmmirror.com/@react-navigation%2fcore cache-miss
106 silly fetch manifest escape-string-regexp@^4.0.0
107 silly packumentCache full:https://registry.npmmirror.com/escape-string-regexp cache-miss
108 silly fetch manifest fast-deep-equal@^3.1.3
109 silly packumentCache full:https://registry.npmmirror.com/fast-deep-equal cache-miss
110 silly fetch manifest use-latest-callback@^0.2.4
111 silly packumentCache full:https://registry.npmmirror.com/use-latest-callback cache-miss
112 silly fetch manifest @react-navigation/elements@^2.9.5
113 silly packumentCache full:https://registry.npmmirror.com/@react-navigation%2felements cache-miss
114 http fetch GET 200 https://registry.npmmirror.com/escape-string-regexp 172ms (cache miss)
115 silly packumentCache full:https://registry.npmmirror.com/escape-string-regexp set size:4070 disposed:false
116 silly fetch manifest color@^4.2.3
117 silly packumentCache full:https://registry.npmmirror.com/color cache-miss
118 http fetch GET 200 https://registry.npmmirror.com/merge-options 188ms (cache miss)
119 silly packumentCache full:https://registry.npmmirror.com/merge-options set size:5487 disposed:false
120 silly fetch manifest sf-symbols-typescript@^2.1.0
121 silly packumentCache full:https://registry.npmmirror.com/sf-symbols-typescript cache-miss
122 http fetch GET 200 https://registry.npmmirror.com/color 201ms (cache miss)
123 silly packumentCache full:https://registry.npmmirror.com/color set size:21319 disposed:false
124 silly fetch manifest warn-once@^0.1.1
125 silly packumentCache full:https://registry.npmmirror.com/warn-once cache-miss
126 http fetch GET 200 https://registry.npmmirror.com/react-freeze 233ms (cache miss)
127 silly packumentCache full:https://registry.npmmirror.com/react-freeze set size:9946 disposed:false
128 silly fetch manifest @egjs/hammerjs@^2.0.17
129 silly packumentCache full:https://registry.npmmirror.com/@egjs%2fhammerjs cache-miss
130 http fetch GET 200 https://registry.npmmirror.com/sf-symbols-typescript 88ms (cache miss)
131 silly packumentCache full:https://registry.npmmirror.com/sf-symbols-typescript set size:6807 disposed:false
132 silly fetch manifest hoist-non-react-statics@^3.3.0
133 silly packumentCache full:https://registry.npmmirror.com/hoist-non-react-statics cache-miss
134 http fetch GET 200 https://registry.npmmirror.com/@egjs%2fhammerjs 103ms (cache miss)
135 silly packumentCache full:https://registry.npmmirror.com/@egjs%2fhammerjs set size:6706 disposed:false
136 silly fetch manifest semver@7.7.3
137 silly packumentCache full:https://registry.npmmirror.com/semver cache-miss
138 http fetch GET 200 https://registry.npmmirror.com/@react-navigation%2felements 399ms (cache miss)
139 silly packumentCache full:https://registry.npmmirror.com/@react-navigation%2felements set size:84633 disposed:false
140 silly fetch manifest @babel/plugin-transform-class-properties@7.27.1
141 silly packumentCache full:https://registry.npmmirror.com/@babel%2fplugin-transform-class-properties cache-miss
142 http fetch GET 200 https://registry.npmmirror.com/fast-deep-equal 429ms (cache miss)
143 silly packumentCache full:https://registry.npmmirror.com/fast-deep-equal set size:6487 disposed:false
144 silly fetch manifest @babel/plugin-transform-classes@7.28.4
145 silly packumentCache full:https://registry.npmmirror.com/@babel%2fplugin-transform-classes cache-miss
146 http fetch GET 200 https://registry.npmmirror.com/fast-deep-equal 444ms (cache miss)
147 silly packumentCache full:https://registry.npmmirror.com/fast-deep-equal set size:6487 disposed:false
148 silly packumentCache full:https://registry.npmmirror.com/fast-deep-equal dispose
149 silly fetch manifest @babel/plugin-transform-nullish-coalescing-operator@7.27.1
150 silly packumentCache full:https://registry.npmmirror.com/@babel%2fplugin-transform-nullish-coalescing-operator cache-miss
151 http fetch GET 200 https://registry.npmmirror.com/sf-symbols-typescript 473ms (cache miss)
152 silly packumentCache full:https://registry.npmmirror.com/sf-symbols-typescript set size:6807 disposed:false
153 silly packumentCache full:https://registry.npmmirror.com/sf-symbols-typescript dispose
154 silly fetch manifest @babel/plugin-transform-optional-chaining@7.27.1
155 silly packumentCache full:https://registry.npmmirror.com/@babel%2fplugin-transform-optional-chaining cache-miss
156 http fetch GET 200 https://registry.npmmirror.com/use-latest-callback 481ms (cache miss)
157 silly packumentCache full:https://registry.npmmirror.com/use-latest-callback set size:14348 disposed:false
158 silly fetch manifest @babel/plugin-transform-template-literals@7.27.1
159 silly packumentCache full:https://registry.npmmirror.com/@babel%2fplugin-transform-template-literals cache-miss
160 http fetch GET 200 https://registry.npmmirror.com/@babel%2fplugin-transform-class-properties 126ms (cache miss)
161 silly packumentCache full:https://registry.npmmirror.com/@babel%2fplugin-transform-class-properties set size:14087 disposed:false
162 silly fetch manifest @babel/preset-typescript@7.27.1
163 silly packumentCache full:https://registry.npmmirror.com/@babel%2fpreset-typescript cache-miss
164 http fetch GET 200 https://registry.npmmirror.com/warn-once 361ms (cache miss)
165 silly packumentCache full:https://registry.npmmirror.com/warn-once set size:2687 disposed:false
166 silly fetch manifest semver@7.7.3
167 silly packumentCache full:https://registry.npmmirror.com/semver cache-miss
168 http fetch GET 200 https://registry.npmmirror.com/semver 232ms (cache miss)
169 silly packumentCache full:https://registry.npmmirror.com/semver set size:44826 disposed:false
170 silly fetch manifest warn-once@^0.1.0
171 silly packumentCache full:https://registry.npmmirror.com/warn-once cache-hit
172 http fetch GET 200 https://registry.npmmirror.com/@babel%2fplugin-transform-nullish-coalescing-operator 132ms (cache miss)
173 silly packumentCache full:https://registry.npmmirror.com/@babel%2fplugin-transform-nullish-coalescing-operator set size:15205 disposed:false
174 http fetch GET 200 https://registry.npmmirror.com/@babel%2fplugin-transform-classes 168ms (cache miss)
175 silly packumentCache full:https://registry.npmmirror.com/@babel%2fplugin-transform-classes set size:52567 disposed:false
176 http fetch GET 200 https://registry.npmmirror.com/@babel%2fplugin-transform-optional-chaining 138ms (cache miss)
177 silly packumentCache full:https://registry.npmmirror.com/@babel%2fplugin-transform-optional-chaining set size:17898 disposed:false
178 http fetch GET 200 https://registry.npmmirror.com/warn-once 620ms (cache miss)
179 silly packumentCache full:https://registry.npmmirror.com/warn-once set size:2687 disposed:false
180 silly packumentCache full:https://registry.npmmirror.com/warn-once dispose
181 http fetch GET 200 https://registry.npmmirror.com/@babel%2fplugin-transform-template-literals 214ms (cache miss)
182 silly packumentCache full:https://registry.npmmirror.com/@babel%2fplugin-transform-template-literals set size:36070 disposed:false
183 http fetch GET 200 https://registry.npmmirror.com/@react-navigation%2fcore 795ms (cache miss)
184 silly packumentCache full:https://registry.npmmirror.com/@react-navigation%2fcore set size:114544 disposed:false
185 http fetch GET 200 https://registry.npmmirror.com/@react-navigation%2felements 822ms (cache miss)
186 silly packumentCache full:https://registry.npmmirror.com/@react-navigation%2felements set size:84633 disposed:false
187 silly packumentCache full:https://registry.npmmirror.com/@react-navigation%2felements dispose
188 http fetch GET 200 https://registry.npmmirror.com/@babel%2fpreset-typescript 396ms (cache miss)
189 silly packumentCache full:https://registry.npmmirror.com/@babel%2fpreset-typescript set size:43138 disposed:false
190 http fetch GET 200 https://registry.npmmirror.com/color 784ms (cache miss)
191 silly packumentCache full:https://registry.npmmirror.com/color set size:21319 disposed:false
192 silly packumentCache full:https://registry.npmmirror.com/color dispose
193 http fetch GET 200 https://registry.npmmirror.com/hoist-non-react-statics 763ms (cache miss)
194 silly packumentCache full:https://registry.npmmirror.com/hoist-non-react-statics set size:12013 disposed:false
195 http fetch GET 200 https://registry.npmmirror.com/semver 483ms (cache miss)
196 silly packumentCache full:https://registry.npmmirror.com/semver set size:44826 disposed:false
197 silly packumentCache full:https://registry.npmmirror.com/semver dispose
198 http fetch GET 200 https://registry.npmmirror.com/@react-navigation%2fcore 2205ms (cache miss)
199 silly packumentCache full:https://registry.npmmirror.com/@react-navigation%2fcore set size:114544 disposed:false
200 silly packumentCache full:https://registry.npmmirror.com/@react-navigation%2fcore dispose
201 http fetch GET 200 https://registry.npmmirror.com/use-latest-callback 4681ms (cache miss)
202 silly packumentCache full:https://registry.npmmirror.com/use-latest-callback set size:14348 disposed:false
203 silly packumentCache full:https://registry.npmmirror.com/use-latest-callback dispose
204 http fetch GET 200 https://registry.npmmirror.com/escape-string-regexp 4948ms (cache miss)
205 silly packumentCache full:https://registry.npmmirror.com/escape-string-regexp set size:4070 disposed:false
206 silly packumentCache full:https://registry.npmmirror.com/escape-string-regexp dispose
207 silly placeDep ROOT merge-options@3.0.4 OK for: @react-native-async-storage/async-storage@2.2.0 want: ^3.0.4
208 silly fetch manifest is-plain-obj@^2.1.0
209 silly packumentCache full:https://registry.npmmirror.com/is-plain-obj cache-miss
210 http fetch GET 200 https://registry.npmmirror.com/is-plain-obj 43ms (cache miss)
211 silly packumentCache full:https://registry.npmmirror.com/is-plain-obj set size:4299 disposed:false
212 silly fetch manifest @react-native-masked-view/masked-view@>= 0.2.0
213 silly packumentCache full:https://registry.npmmirror.com/@react-native-masked-view%2fmasked-view cache-miss
214 http fetch GET 200 https://registry.npmmirror.com/@react-native-masked-view%2fmasked-view 146ms (cache miss)
215 silly packumentCache full:https://registry.npmmirror.com/@react-native-masked-view%2fmasked-view set size:9739 disposed:false
216 silly fetch manifest react@>= 18.2.0
217 silly packumentCache full:https://registry.npmmirror.com/react cache-miss
218 http cache https://registry.npmmirror.com/react 41ms (cache hit)
219 silly packumentCache full:https://registry.npmmirror.com/react set size:6235081 disposed:false
220 silly fetch manifest react-native@*
221 silly packumentCache full:https://registry.npmmirror.com/react-native cache-miss
222 http cache https://registry.npmmirror.com/react-native 66ms (cache hit)
223 silly packumentCache full:https://registry.npmmirror.com/react-native set size:14387035 disposed:false
224 silly fetch manifest @types/react@^19.1.1
225 silly packumentCache full:https://registry.npmmirror.com/@types%2freact cache-hit
226 silly fetch manifest @react-navigation/native@^7.1.28
227 silly packumentCache full:https://registry.npmmirror.com/@react-navigation%2fnative cache-hit
228 silly fetch manifest react-native-safe-area-context@>= 4.0.0
229 silly packumentCache full:https://registry.npmmirror.com/react-native-safe-area-context cache-hit
230 silly placeDep ROOT @react-navigation/elements@2.9.5 OK for: @react-navigation/bottom-tabs@7.14.0 want: ^2.9.5
231 silly placeDep ROOT color@4.2.3 OK for: @react-navigation/bottom-tabs@7.14.0 want: ^4.2.3
232 silly placeDep ROOT sf-symbols-typescript@2.2.0 OK for: @react-navigation/bottom-tabs@7.14.0 want: ^2.1.0
233 silly fetch manifest use-sync-external-store@^1.5.0
234 silly packumentCache full:https://registry.npmmirror.com/use-sync-external-store cache-miss
235 silly fetch manifest color-convert@^2.0.1
236 silly packumentCache full:https://registry.npmmirror.com/color-convert cache-miss
237 silly fetch manifest color-string@^1.9.0
238 silly packumentCache full:https://registry.npmmirror.com/color-string cache-miss
239 http fetch GET 200 https://registry.npmmirror.com/color-convert 76ms (cache miss)
240 silly packumentCache full:https://registry.npmmirror.com/color-convert set size:13807 disposed:false
241 http fetch GET 200 https://registry.npmmirror.com/color-string 223ms (cache miss)
242 silly packumentCache full:https://registry.npmmirror.com/color-string set size:19944 disposed:false
243 http fetch GET 200 https://registry.npmmirror.com/use-sync-external-store 4955ms (cache miss)
244 silly packumentCache full:https://registry.npmmirror.com/use-sync-external-store set size:1033334 disposed:false
245 silly placeDep ROOT use-latest-callback@0.2.6 OK for: @react-navigation/elements@2.9.5 want: ^0.2.4
246 silly placeDep ROOT use-sync-external-store@1.6.0 OK for: @react-navigation/elements@2.9.5 want: ^1.5.0
247 silly placeDep ROOT @react-navigation/core@7.14.0 OK for: @react-navigation/native@7.1.28 want: ^7.14.0
248 silly placeDep node_modules/@react-navigation/native escape-string-regexp@4.0.0 OK for: @react-navigation/native@7.1.28 want: ^4.0.0
249 silly placeDep ROOT fast-deep-equal@3.1.3 OK for: @react-navigation/native@7.1.28 want: ^3.1.3
250 silly fetch manifest @react-navigation/routers@^7.5.3
251 silly packumentCache full:https://registry.npmmirror.com/@react-navigation%2frouters cache-miss
252 silly fetch manifest query-string@^7.1.3
253 silly packumentCache full:https://registry.npmmirror.com/query-string cache-miss
254 silly fetch manifest react-is@^19.1.0
255 silly packumentCache full:https://registry.npmmirror.com/react-is cache-miss
256 http fetch GET 200 https://registry.npmmirror.com/@react-navigation%2frouters 232ms (cache miss)
257 silly packumentCache full:https://registry.npmmirror.com/@react-navigation%2frouters set size:46099 disposed:false
258 http fetch GET 200 https://registry.npmmirror.com/query-string 463ms (cache miss)
259 silly packumentCache full:https://registry.npmmirror.com/query-string set size:37704 disposed:false
260 http fetch GET 200 https://registry.npmmirror.com/react-is 5740ms (cache miss)
261 silly packumentCache full:https://registry.npmmirror.com/react-is set size:1112130 disposed:false
262 silly placeDep ROOT @react-navigation/routers@7.5.3 OK for: @react-navigation/core@7.14.0 want: ^7.5.3
263 silly placeDep node_modules/@react-navigation/core escape-string-regexp@4.0.0 OK for: @react-navigation/core@7.14.0 want: ^4.0.0
264 silly placeDep ROOT query-string@7.1.3 OK for: @react-navigation/core@7.14.0 want: ^7.1.3
265 silly placeDep node_modules/@react-navigation/core react-is@19.2.4 OK for: @react-navigation/core@7.14.0 want: ^19.1.0
266 silly fetch manifest decode-uri-component@^0.2.2
267 silly packumentCache full:https://registry.npmmirror.com/decode-uri-component cache-miss
268 silly fetch manifest filter-obj@^1.1.0
269 silly packumentCache full:https://registry.npmmirror.com/filter-obj cache-miss
270 silly fetch manifest split-on-first@^1.0.0
271 silly packumentCache full:https://registry.npmmirror.com/split-on-first cache-miss
272 silly fetch manifest strict-uri-encode@^2.0.0
273 silly packumentCache full:https://registry.npmmirror.com/strict-uri-encode cache-miss
274 http fetch GET 200 https://registry.npmmirror.com/strict-uri-encode 62ms (cache miss)
275 silly packumentCache full:https://registry.npmmirror.com/strict-uri-encode set size:2241 disposed:false
276 http fetch GET 200 https://registry.npmmirror.com/decode-uri-component 67ms (cache miss)
277 silly packumentCache full:https://registry.npmmirror.com/decode-uri-component set size:7390 disposed:false
278 http fetch GET 200 https://registry.npmmirror.com/filter-obj 117ms (cache miss)
279 silly packumentCache full:https://registry.npmmirror.com/filter-obj set size:6932 disposed:false
280 http fetch GET 200 https://registry.npmmirror.com/split-on-first 118ms (cache miss)
281 silly packumentCache full:https://registry.npmmirror.com/split-on-first set size:3178 disposed:false
282 silly placeDep ROOT warn-once@0.1.1 OK for: @react-navigation/native-stack@7.13.0 want: ^0.1.1
283 silly placeDep node_modules/color color-convert@2.0.1 OK for: color@4.2.3 want: ^2.0.1
284 silly placeDep ROOT color-string@1.9.1 OK for: color@4.2.3 want: ^1.9.0
285 silly fetch manifest color-name@~1.1.4
286 silly packumentCache full:https://registry.npmmirror.com/color-name cache-miss
287 silly fetch manifest simple-swizzle@^0.2.2
288 silly packumentCache full:https://registry.npmmirror.com/simple-swizzle cache-miss
289 http fetch GET 200 https://registry.npmmirror.com/color-name 77ms (cache miss)
290 silly packumentCache full:https://registry.npmmirror.com/color-name set size:5269 disposed:false
291 http fetch GET 200 https://registry.npmmirror.com/simple-swizzle 149ms (cache miss)
292 silly packumentCache full:https://registry.npmmirror.com/simple-swizzle set size:3171 disposed:false
293 silly placeDep ROOT simple-swizzle@0.2.4 OK for: color-string@1.9.1 want: ^0.2.2
294 silly fetch manifest is-arrayish@^0.3.1
295 silly packumentCache full:https://registry.npmmirror.com/is-arrayish cache-miss
296 http fetch GET 200 https://registry.npmmirror.com/is-arrayish 118ms (cache miss)
297 silly packumentCache full:https://registry.npmmirror.com/is-arrayish set size:3618 disposed:false
298 silly placeDep ROOT is-plain-obj@2.1.0 OK for: merge-options@3.0.4 want: ^2.1.0
299 silly placeDep ROOT decode-uri-component@0.2.2 OK for: query-string@7.1.3 want: ^0.2.2
300 silly placeDep ROOT filter-obj@1.1.0 OK for: query-string@7.1.3 want: ^1.1.0
301 silly placeDep ROOT split-on-first@1.1.0 OK for: query-string@7.1.3 want: ^1.0.0
302 silly placeDep ROOT strict-uri-encode@2.0.0 OK for: query-string@7.1.3 want: ^2.0.0
303 silly placeDep ROOT @egjs/hammerjs@2.0.17 OK for: react-native-gesture-handler@2.30.0 want: ^2.0.17
304 silly placeDep ROOT hoist-non-react-statics@3.3.2 OK for: react-native-gesture-handler@2.30.0 want: ^3.3.0
305 silly fetch manifest @types/hammerjs@^2.0.36
306 silly packumentCache full:https://registry.npmmirror.com/@types%2fhammerjs cache-miss
307 silly fetch manifest react-is@^16.7.0
308 silly packumentCache full:https://registry.npmmirror.com/react-is cache-miss
309 http cache https://registry.npmmirror.com/react-is 87ms (cache hit)
310 silly packumentCache full:https://registry.npmmirror.com/react-is set size:5004484 disposed:false
311 http fetch GET 200 https://registry.npmmirror.com/@types%2fhammerjs 276ms (cache miss)
312 silly packumentCache full:https://registry.npmmirror.com/@types%2fhammerjs set size:12117 disposed:false
313 silly placeDep ROOT @types/hammerjs@2.0.46 OK for: @egjs/hammerjs@2.0.17 want: ^2.0.36
314 silly placeDep node_modules/hoist-non-react-statics react-is@16.13.1 OK for: hoist-non-react-statics@3.3.2 want: ^16.7.0
315 silly placeDep node_modules/react-native-reanimated semver@7.7.3 OK for: react-native-reanimated@4.2.2 want: 7.7.3
316 silly fetch manifest react@*
317 silly packumentCache full:https://registry.npmmirror.com/react cache-miss
318 http cache https://registry.npmmirror.com/react 44ms (cache hit)
319 silly packumentCache full:https://registry.npmmirror.com/react set size:6235081 disposed:false
320 silly placeDep ROOT react-freeze@1.0.4 OK for: react-native-screens@4.23.0 want: ^1.0.0
321 silly placeDep node_modules/react-native-worklets @babel/plugin-transform-class-properties@7.27.1 OK for: react-native-worklets@0.7.4 want: 7.27.1
322 silly placeDep node_modules/react-native-worklets @babel/plugin-transform-classes@7.28.4 OK for: react-native-worklets@0.7.4 want: 7.28.4
323 silly placeDep node_modules/react-native-worklets @babel/plugin-transform-nullish-coalescing-operator@7.27.1 OK for: react-native-worklets@0.7.4 want: 7.27.1
324 silly placeDep node_modules/react-native-worklets @babel/plugin-transform-optional-chaining@7.27.1 OK for: react-native-worklets@0.7.4 want: 7.27.1
325 silly placeDep ROOT @babel/plugin-transform-template-literals@7.27.1 OK for: react-native-worklets@0.7.4 want: 7.27.1
326 silly placeDep node_modules/react-native-worklets @babel/preset-typescript@7.27.1 OK for: react-native-worklets@0.7.4 want: 7.27.1
327 silly placeDep node_modules/react-native-worklets semver@7.7.3 OK for: react-native-worklets@0.7.4 want: 7.7.3
328 silly placeDep ROOT is-arrayish@0.3.4 OK for: simple-swizzle@0.2.4 want: ^0.3.1
329 silly placeDep node_modules/color color-name@1.1.4 OK for: color-convert@2.0.1 want: ~1.1.4
330 silly reify moves {}
331 silly audit bulk request {
331 silly audit   '@0no-co/graphql.web': [ '1.2.0' ],
331 silly audit   '@babel/code-frame': [ '7.10.4', '7.29.0' ],
331 silly audit   '@babel/compat-data': [ '7.29.0' ],
331 silly audit   '@babel/core': [ '7.29.0' ],
331 silly audit   semver: [ '6.3.1', '7.7.4', '7.7.3' ],
331 silly audit   '@babel/generator': [ '7.29.1' ],
331 silly audit   '@babel/helper-annotate-as-pure': [ '7.27.3' ],
331 silly audit   '@babel/helper-compilation-targets': [ '7.28.6' ],
331 silly audit   '@babel/helper-create-class-features-plugin': [ '7.28.6' ],
331 silly audit   '@babel/helper-create-regexp-features-plugin': [ '7.28.5' ],
331 silly audit   '@babel/helper-define-polyfill-provider': [ '0.6.6' ],
331 silly audit   '@babel/helper-globals': [ '7.28.0' ],
331 silly audit   '@babel/helper-member-expression-to-functions': [ '7.28.5' ],
331 silly audit   '@babel/helper-module-imports': [ '7.28.6' ],
331 silly audit   '@babel/helper-module-transforms': [ '7.28.6' ],
331 silly audit   '@babel/helper-optimise-call-expression': [ '7.27.1' ],
331 silly audit   '@babel/helper-plugin-utils': [ '7.28.6' ],
331 silly audit   '@babel/helper-remap-async-to-generator': [ '7.27.1' ],
331 silly audit   '@babel/helper-replace-supers': [ '7.28.6' ],
331 silly audit   '@babel/helper-skip-transparent-expression-wrappers': [ '7.27.1' ],
331 silly audit   '@babel/helper-string-parser': [ '7.27.1' ],
331 silly audit   '@babel/helper-validator-identifier': [ '7.28.5' ],
331 silly audit   '@babel/helper-validator-option': [ '7.27.1' ],
331 silly audit   '@babel/helper-wrap-function': [ '7.28.6' ],
331 silly audit   '@babel/helpers': [ '7.28.6' ],
331 silly audit   '@babel/highlight': [ '7.25.9' ],
331 silly audit   '@babel/parser': [ '7.29.0' ],
331 silly audit   '@babel/plugin-proposal-decorators': [ '7.29.0' ],
331 silly audit   '@babel/plugin-proposal-export-default-from': [ '7.27.1' ],
331 silly audit   '@babel/plugin-syntax-async-generators': [ '7.8.4' ],
331 silly audit   '@babel/plugin-syntax-bigint': [ '7.8.3' ],
331 silly audit   '@babel/plugin-syntax-class-properties': [ '7.12.13' ],
331 silly audit   '@babel/plugin-syntax-class-static-block': [ '7.14.5' ],
331 silly audit   '@babel/plugin-syntax-decorators': [ '7.28.6' ],
331 silly audit   '@babel/plugin-syntax-dynamic-import': [ '7.8.3' ],
331 silly audit   '@babel/plugin-syntax-export-default-from': [ '7.28.6' ],
331 silly audit   '@babel/plugin-syntax-flow': [ '7.28.6' ],
331 silly audit   '@babel/plugin-syntax-import-attributes': [ '7.28.6' ],
331 silly audit   '@babel/plugin-syntax-import-meta': [ '7.10.4' ],
331 silly audit   '@babel/plugin-syntax-json-strings': [ '7.8.3' ],
331 silly audit   '@babel/plugin-syntax-jsx': [ '7.28.6' ],
331 silly audit   '@babel/plugin-syntax-logical-assignment-operators': [ '7.10.4' ],
331 silly audit   '@babel/plugin-syntax-nullish-coalescing-operator': [ '7.8.3' ],
331 silly audit   '@babel/plugin-syntax-numeric-separator': [ '7.10.4' ],
331 silly audit   '@babel/plugin-syntax-object-rest-spread': [ '7.8.3' ],
331 silly audit   '@babel/plugin-syntax-optional-catch-binding': [ '7.8.3' ],
331 silly audit   '@babel/plugin-syntax-optional-chaining': [ '7.8.3' ],
331 silly audit   '@babel/plugin-syntax-private-property-in-object': [ '7.14.5' ],
331 silly audit   '@babel/plugin-syntax-top-level-await': [ '7.14.5' ],
331 silly audit   '@babel/plugin-syntax-typescript': [ '7.28.6' ],
331 silly audit   '@babel/plugin-transform-arrow-functions': [ '7.27.1' ],
331 silly audit   '@babel/plugin-transform-async-generator-functions': [ '7.29.0' ],
331 silly audit   '@babel/plugin-transform-async-to-generator': [ '7.28.6' ],
331 silly audit   '@babel/plugin-transform-block-scoping': [ '7.28.6' ],
331 silly audit   '@babel/plugin-transform-class-properties': [ '7.28.6', '7.27.1' ],
331 silly audit   '@babel/plugin-transform-class-static-block': [ '7.28.6' ],
331 silly audit   '@babel/plugin-transform-classes': [ '7.28.6', '7.28.4' ],
331 silly audit   '@babel/plugin-transform-computed-properties': [ '7.28.6' ],
331 silly audit   '@babel/plugin-transform-destructuring': [ '7.28.5' ],
331 silly audit   '@babel/plugin-transform-export-namespace-from': [ '7.27.1' ],
331 silly audit   '@babel/plugin-transform-flow-strip-types': [ '7.27.1' ],
331 silly audit   '@babel/plugin-transform-for-of': [ '7.27.1' ],
331 silly audit   '@babel/plugin-transform-function-name': [ '7.27.1' ],
331 silly audit   '@babel/plugin-transform-literals': [ '7.27.1' ],
331 silly audit   '@babel/plugin-transform-logical-assignment-operators': [ '7.28.6' ],
331 silly audit   '@babel/plugin-transform-modules-commonjs': [ '7.28.6' ],
331 silly audit   '@babel/plugin-transform-named-capturing-groups-regex': [ '7.29.0' ],
331 silly audit   '@babel/plugin-transform-nullish-coalescing-operator': [ '7.28.6', '7.27.1' ],
331 silly audit   '@babel/plugin-transform-numeric-separator': [ '7.28.6' ],
331 silly audit   '@babel/plugin-transform-object-rest-spread': [ '7.28.6' ],
331 silly audit   '@babel/plugin-transform-optional-catch-binding': [ '7.28.6' ],
331 silly audit   '@babel/plugin-transform-optional-chaining': [ '7.28.6', '7.27.1' ],
331 silly audit   '@babel/plugin-transform-parameters': [ '7.27.7' ],
331 silly audit   '@babel/plugin-transform-private-methods': [ '7.28.6' ],
331 silly audit   '@babel/plugin-transform-private-property-in-object': [ '7.28.6' ],
331 silly audit   '@babel/plugin-transform-react-display-name': [ '7.28.0' ],
331 silly audit   '@babel/plugin-transform-react-jsx': [ '7.28.6' ],
331 silly audit   '@babel/plugin-transform-react-jsx-development': [ '7.27.1' ],
331 silly audit   '@babel/plugin-transform-react-jsx-self': [ '7.27.1' ],
331 silly audit   '@babel/plugin-transform-react-jsx-source': [ '7.27.1' ],
331 silly audit   '@babel/plugin-transform-react-pure-annotations': [ '7.27.1' ],
331 silly audit   '@babel/plugin-transform-regenerator': [ '7.29.0' ],
331 silly audit   '@babel/plugin-transform-runtime': [ '7.29.0' ],
331 silly audit   '@babel/plugin-transform-shorthand-properties': [ '7.27.1' ],
331 silly audit   '@babel/plugin-transform-spread': [ '7.28.6' ],
331 silly audit   '@babel/plugin-transform-sticky-regex': [ '7.27.1' ],
331 silly audit   '@babel/plugin-transform-typescript': [ '7.28.6' ],
331 silly audit   '@babel/plugin-transform-unicode-regex': [ '7.27.1' ],
331 silly audit   '@babel/preset-react': [ '7.28.5' ],
331 silly audit   '@babel/preset-typescript': [ '7.28.5', '7.27.1' ],
331 silly audit   '@babel/runtime': [ '7.28.6' ],
331 silly audit   '@babel/template': [ '7.28.6' ],
331 silly audit   '@babel/traverse': [ '7.29.0' ],
331 silly audit   '@babel/types': [ '7.29.0' ],
331 silly audit   '@expo/code-signing-certificates': [ '0.0.6' ],
331 silly audit   '@expo/config': [ '12.0.13' ],
331 silly audit   '@expo/config-plugins': [ '54.0.4' ],
331 silly audit   'ansi-styles': [ '4.3.0', '3.2.1', '5.2.0' ],
331 silly audit   chalk: [ '4.1.2', '2.4.2' ],
331 silly audit   'color-convert': [ '2.0.1', '1.9.3' ],
331 silly audit   'color-name': [ '1.1.4', '1.1.3' ],
331 silly audit   'has-flag': [ '4.0.0', '3.0.0' ],
331 silly audit   'supports-color': [ '7.2.0', '8.1.1', '5.5.0' ],
331 silly audit   '@expo/config-types': [ '54.0.10' ],
331 silly audit   '@expo/devcert': [ '1.2.1' ],
331 silly audit   debug: [ '3.2.7', '2.6.9', '4.4.3' ],
331 silly audit   '@expo/devtools': [ '0.1.8' ],
331 silly audit   '@expo/env': [ '2.0.8' ],
331 silly audit   '@expo/fingerprint': [ '0.15.4' ],
331 silly audit   '@expo/image-utils': [ '0.8.8' ],
331 silly audit   '@expo/json-file': [ '10.0.8' ],
331 silly audit   '@expo/metro': [ '54.2.0' ],
331 silly audit   '@expo/osascript': [ '2.3.8' ],
331 silly audit   '@expo/package-manager': [ '1.9.10' ],
331 silly audit   '@expo/plist': [ '0.4.8' ],
331 silly audit   '@expo/schema-utils': [ '0.1.8' ],
331 silly audit   '@expo/sdk-runtime-versions': [ '1.0.0' ],
331 silly audit   '@expo/spawn-async': [ '1.7.2' ],
331 silly audit   '@expo/sudo-prompt': [ '9.3.2' ],
331 silly audit   '@expo/ws-tunnel': [ '1.0.6' ],
331 silly audit   '@expo/xcpretty': [ '4.4.0' ],
331 silly audit   argparse: [ '2.0.1', '1.0.10' ],
331 silly audit   'js-yaml': [ '4.1.1', '3.14.2' ],
331 silly audit   '@isaacs/fs-minipass': [ '4.0.1' ],
331 silly audit   '@isaacs/ttlcache': [ '1.4.1' ],
331 silly audit   '@istanbuljs/load-nyc-config': [ '1.1.0' ],
331 silly audit   camelcase: [ '5.3.1', '6.3.0' ],
331 silly audit   '@istanbuljs/schema': [ '0.1.3' ],
331 silly audit   '@jest/create-cache-key-function': [ '29.7.0' ],
331 silly audit   '@jest/environment': [ '29.7.0' ],
331 silly audit   '@jest/fake-timers': [ '29.7.0' ],
331 silly audit   '@jest/schemas': [ '29.6.3' ],
331 silly audit   '@jest/transform': [ '29.7.0' ],
331 silly audit   '@jest/types': [ '29.6.3' ],
331 silly audit   '@jridgewell/gen-mapping': [ '0.3.13' ],
331 silly audit   '@jridgewell/remapping': [ '2.3.5' ],
331 silly audit   '@jridgewell/resolve-uri': [ '3.1.2' ],
331 silly audit   '@jridgewell/source-map': [ '0.3.11' ],
331 silly audit   '@jridgewell/sourcemap-codec': [ '1.5.5' ],
331 silly audit   '@jridgewell/trace-mapping': [ '0.3.31' ],
331 silly audit   '@react-native/assets-registry': [ '0.81.5' ],
331 silly audit   '@react-native/babel-plugin-codegen': [ '0.81.5' ],
331 silly audit   '@react-native/babel-preset': [ '0.81.5' ],
331 silly audit   '@react-native/codegen': [ '0.81.5' ],
331 silly audit   'balanced-match': [ '1.0.2', '4.0.4' ],
331 silly audit   'brace-expansion': [ '1.1.12', '5.0.3' ],
331 silly audit   glob: [ '7.2.3', '13.0.6' ],
331 silly audit   'hermes-estree': [ '0.29.1', '0.32.0' ],
331 silly audit   'hermes-parser': [ '0.29.1', '0.32.0' ],
331 silly audit   minimatch: [ '3.1.3', '10.2.2', '9.0.6' ],
331 silly audit   '@react-native/community-cli-plugin': [ '0.81.5' ],
331 silly audit   '@react-native/debugger-frontend': [ '0.81.5' ],
331 silly audit   '@react-native/dev-middleware': [ '0.81.5' ],
331 silly audit   ws: [ '6.2.3', '8.19.0', '7.5.10' ],
331 silly audit   '@react-native/gradle-plugin': [ '0.81.5' ],
331 silly audit   '@react-native/js-polyfills': [ '0.81.5' ],
331 silly audit   '@react-native/normalize-colors': [ '0.81.5' ],
331 silly audit   '@sinclair/typebox': [ '0.27.10' ],
331 silly audit   '@sinonjs/commons': [ '3.0.1' ],
331 silly audit   '@sinonjs/fake-timers': [ '10.3.0' ],
331 silly audit   '@types/babel__core': [ '7.20.5' ],
331 silly audit   '@types/babel__generator': [ '7.27.0' ],
331 silly audit   '@types/babel__template': [ '7.4.4' ],
331 silly audit   '@types/babel__traverse': [ '7.28.0' ],
331 silly audit   '@types/graceful-fs': [ '4.1.9' ],
331 silly audit   '@types/istanbul-lib-coverage': [ '2.0.6' ],
331 silly audit   '@types/istanbul-lib-report': [ '3.0.3' ],
331 silly audit   '@types/istanbul-reports': [ '3.0.4' ],
331 silly audit   '@types/node': [ '25.3.0' ],
331 silly audit   '@types/react': [ '19.1.17' ],
331 silly audit   '@types/stack-utils': [ '2.0.3' ],
331 silly audit   '@types/yargs': [ '17.0.35' ],
331 silly audit   '@types/yargs-parser': [ '21.0.3' ],
331 silly audit   '@ungap/structured-clone': [ '1.3.0' ],
331 silly audit   '@urql/core': [ '5.2.0' ],
331 silly audit   '@urql/exchange-retry': [ '1.3.2' ],
331 silly audit   '@xmldom/xmldom': [ '0.8.11' ],
331 silly audit   'abort-controller': [ '3.0.0' ],
331 silly audit   accepts: [ '1.3.8' ],
331 silly audit   acorn: [ '8.16.0' ],
331 silly audit   'agent-base': [ '7.1.4' ],
331 silly audit   anser: [ '1.4.10' ],
331 silly audit   'ansi-escapes': [ '4.3.2' ],
331 silly audit   'type-fest': [ '0.21.3', '0.7.1' ],
331 silly audit   'ansi-regex': [ '5.0.1', '4.1.1' ],
331 silly audit   'any-promise': [ '1.3.0' ],
331 silly audit   anymatch: [ '3.1.3' ],
331 silly audit   arg: [ '5.0.2' ],
331 silly audit   asap: [ '2.0.6' ],
331 silly audit   'async-limiter': [ '1.0.1' ],
331 silly audit   'babel-jest': [ '29.7.0' ],
331 silly audit   'babel-plugin-istanbul': [ '6.1.1' ],
331 silly audit   'babel-plugin-jest-hoist': [ '29.6.3' ],
331 silly audit   'babel-plugin-polyfill-corejs2': [ '0.4.15' ],
331 silly audit   'babel-plugin-polyfill-corejs3': [ '0.13.0' ],
331 silly audit   'babel-plugin-polyfill-regenerator': [ '0.6.6' ],
331 silly audit   'babel-plugin-react-compiler': [ '1.0.0' ],
331 silly audit   'babel-plugin-react-native-web': [ '0.21.2' ],
331 silly audit   'babel-plugin-syntax-hermes-parser': [ '0.29.1' ],
331 silly audit   'babel-plugin-transform-flow-enums': [ '0.0.2' ],
331 silly audit   'babel-preset-current-node-syntax': [ '1.2.0' ],
331 silly audit   'babel-preset-jest': [ '29.6.3' ],
331 silly audit   'base64-js': [ '1.5.1' ],
331 silly audit   'baseline-browser-mapping': [ '2.10.0' ],
331 silly audit   'better-opn': [ '3.0.2' ],
331 silly audit   open: [ '8.4.2', '7.4.2' ],
331 silly audit   'big-integer': [ '1.6.52' ],
331 silly audit   'bplist-creator': [ '0.1.0' ],
331 silly audit   'bplist-parser': [ '0.3.1' ],
331 silly audit   braces: [ '3.0.3' ],
331 silly audit   browserslist: [ '4.28.1' ],
331 silly audit   bser: [ '2.1.1' ],
331 silly audit   buffer: [ '5.7.1' ],
331 silly audit   'buffer-from': [ '1.1.2' ],
331 silly audit   bytes: [ '3.1.2' ],
331 silly audit   'caniuse-lite': [ '1.0.30001774' ],
331 silly audit   chownr: [ '3.0.0' ],
331 silly audit   'chrome-launcher': [ '0.15.2' ],
331 silly audit   'escape-string-regexp': [ '4.0.0', '1.0.5', '2.0.0' ],
331 silly audit   'chromium-edge-launcher': [ '0.2.0' ],
331 silly audit   'ci-info': [ '2.0.0', '3.9.0' ],
331 silly audit   'cli-cursor': [ '2.1.0' ],
331 silly audit   'cli-spinners': [ '2.9.2' ],
331 silly audit   cliui: [ '8.0.1' ],
331 silly audit   clone: [ '1.0.4' ],
331 silly audit   commander: [ '7.2.0', '12.1.0', '4.1.1', '2.20.3' ],
331 silly audit   compressible: [ '2.0.18' ],
331 silly audit   compression: [ '1.8.1' ],
331 silly audit   ms: [ '2.0.0', '2.1.3' ],
331 silly audit   negotiator: [ '0.6.4', '0.6.3' ],
331 silly audit   'concat-map': [ '0.0.1' ],
331 silly audit   connect: [ '3.7.0' ],
331 silly audit   'convert-source-map': [ '2.0.0' ],
331 silly audit   'core-js-compat': [ '3.48.0' ],
331 silly audit   'cross-spawn': [ '7.0.6' ],
331 silly audit   'crypto-random-string': [ '2.0.0' ],
331 silly audit   csstype: [ '3.2.3' ],
331 silly audit   'deep-extend': [ '0.6.0' ],
331 silly audit   deepmerge: [ '4.3.1' ],
331 silly audit   defaults: [ '1.0.4' ],
331 silly audit   'define-lazy-prop': [ '2.0.0' ],
331 silly audit   depd: [ '2.0.0' ],
331 silly audit   destroy: [ '1.2.0' ],
331 silly audit   'detect-libc': [ '2.1.2' ],
331 silly audit   dotenv: [ '16.4.7' ],
331 silly audit   'dotenv-expand': [ '11.0.7' ],
331 silly audit   'ee-first': [ '1.1.1' ],
331 silly audit   'electron-to-chromium': [ '1.5.302' ],
331 silly audit   'emoji-regex': [ '8.0.0' ],
331 silly audit   encodeurl: [ '1.0.2', '2.0.0' ],
331 silly audit   'env-editor': [ '0.4.2' ],
331 silly audit   'error-stack-parser': [ '2.1.4' ],
331 silly audit   escalade: [ '3.2.0' ],
331 silly audit   'escape-html': [ '1.0.3' ],
331 silly audit   esprima: [ '4.0.1' ],
331 silly audit   etag: [ '1.8.1' ],
331 silly audit   'event-target-shim': [ '5.0.1' ],
331 silly audit   'exec-async': [ '2.2.0' ],
331 silly audit   expo: [ '54.0.33' ],
331 silly audit   'expo-modules-autolinking': [ '3.0.24' ],
331 silly audit   'expo-modules-core': [ '3.0.29' ],
331 silly audit   'expo-server': [ '1.0.5' ],
331 silly audit   'expo-status-bar': [ '3.0.9' ],
331 silly audit   '@expo/cli': [ '54.0.23' ],
331 silly audit   '@expo/prebuild-config': [ '54.0.8' ],
331 silly audit   '@expo/metro-config': [ '54.0.14' ],
331 silly audit   '@expo/vector-icons': [ '15.0.3' ],
331 silly audit   'babel-preset-expo': [ '54.0.10' ],
331 silly audit   'expo-asset': [ '12.0.12' ],
331 silly audit   'expo-constants': [ '18.0.13' ],
331 silly audit   'expo-file-system': [ '19.0.21' ],
331 silly audit   'expo-font': [ '14.0.11' ],
331 silly audit   'expo-keep-awake': [ '15.0.8' ],
331 silly audit   picomatch: [ '3.0.1', '2.3.1', '4.0.3' ],
331 silly audit   'exponential-backoff': [ '3.1.3' ],
331 silly audit   'fast-json-stable-stringify': [ '2.1.0' ],
331 silly audit   'fb-watchman': [ '2.0.2' ],
331 silly audit   'fill-range': [ '7.1.1' ],
331 silly audit   finalhandler: [ '1.1.2' ],
331 silly audit   'find-up': [ '4.1.0' ],
331 silly audit   'flow-enums-runtime': [ '0.0.6' ],
331 silly audit   fontfaceobserver: [ '2.3.0' ],
331 silly audit   'freeport-async': [ '2.0.0' ],
331 silly audit   fresh: [ '0.5.2' ],
331 silly audit   'fs.realpath': [ '1.0.0' ],
331 silly audit   fsevents: [ '2.3.3' ],
331 silly audit   'function-bind': [ '1.1.2' ],
331 silly audit   gensync: [ '1.0.0-beta.2' ],
331 silly audit   'get-caller-file': [ '2.0.5' ],
331 silly audit   'get-package-type': [ '0.1.0' ],
331 silly audit   getenv: [ '2.0.0' ],
331 silly audit   'global-dirs': [ '0.1.1' ],
331 silly audit   'graceful-fs': [ '4.2.11' ],
331 silly audit   hasown: [ '2.0.2' ],
331 silly audit   'hosted-git-info': [ '7.0.2' ],
331 silly audit   'lru-cache': [ '10.4.3', '5.1.1', '11.2.6' ],
331 silly audit   'http-errors': [ '2.0.1' ],
331 silly audit   statuses: [ '2.0.2', '1.5.0' ],
331 silly audit   'https-proxy-agent': [ '7.0.6' ],
331 silly audit   ieee754: [ '1.2.1' ],
331 silly audit   ignore: [ '5.3.2' ],
331 silly audit   'image-size': [ '1.2.1' ],
331 silly audit   imurmurhash: [ '0.1.4' ],
331 silly audit   inflight: [ '1.0.6' ],
331 silly audit   inherits: [ '2.0.4' ],
331 silly audit   ini: [ '1.3.8' ],
331 silly audit   invariant: [ '2.2.4' ],
331 silly audit   'is-core-module': [ '2.16.1' ],
331 silly audit   'is-docker': [ '2.2.1' ],
331 silly audit   'is-fullwidth-code-point': [ '3.0.0' ],
331 silly audit   'is-number': [ '7.0.0' ],
331 silly audit   'is-wsl': [ '2.2.0' ],
331 silly audit   isexe: [ '2.0.0' ],
331 silly audit   'istanbul-lib-coverage': [ '3.2.2' ],
331 silly audit   'istanbul-lib-instrument': [ '5.2.1' ],
331 silly audit   'jest-environment-node': [ '29.7.0' ],
331 silly audit   'jest-get-type': [ '29.6.3' ],
331 silly audit   'jest-haste-map': [ '29.7.0' ],
331 silly audit   'jest-message-util': [ '29.7.0' ],
331 silly audit   'jest-mock': [ '29.7.0' ],
331 silly audit   'jest-regex-util': [ '29.6.3' ],
331 silly audit   'jest-util': [ '29.7.0' ],
331 silly audit   'jest-validate': [ '29.7.0' ],
331 silly audit   'jest-worker': [ '29.7.0' ],
331 silly audit   'jimp-compact': [ '0.16.1' ],
331 silly audit   'js-tokens': [ '4.0.0' ],
331 silly audit   'jsc-safe-url': [ '0.2.4' ],
331 silly audit   jsesc: [ '3.1.0' ],
331 silly audit   json5: [ '2.2.3' ],
331 silly audit   kleur: [ '3.0.3' ],
331 silly audit   'lan-network': [ '0.1.7' ],
331 silly audit   leven: [ '3.1.0' ],
331 silly audit   'lighthouse-logger': [ '1.4.2' ],
331 silly audit   lightningcss: [ '1.31.1' ],
331 silly audit   'lightningcss-android-arm64': [ '1.31.1' ],
331 silly audit   'lightningcss-darwin-arm64': [ '1.31.1' ],
331 silly audit   'lightningcss-darwin-x64': [ '1.31.1' ],
331 silly audit   'lightningcss-freebsd-x64': [ '1.31.1' ],
331 silly audit   'lightningcss-linux-arm-gnueabihf': [ '1.31.1' ],
331 silly audit   'lightningcss-linux-arm64-gnu': [ '1.31.1' ],
331 silly audit   'lightningcss-linux-arm64-musl': [ '1.31.1' ],
331 silly audit   'lightningcss-linux-x64-gnu': [ '1.31.1' ],
331 silly audit   'lightningcss-linux-x64-musl': [ '1.31.1' ],
331 silly audit   'lightningcss-win32-arm64-msvc': [ '1.31.1' ],
331 silly audit   'lightningcss-win32-x64-msvc': [ '1.31.1' ],
331 silly audit   'lines-and-columns': [ '1.2.4' ],
331 silly audit   'locate-path': [ '5.0.0' ],
331 silly audit   'lodash.debounce': [ '4.0.8' ],
331 silly audit   'lodash.throttle': [ '4.1.1' ],
331 silly audit   'log-symbols': [ '2.2.0' ],
331 silly audit   'loose-envify': [ '1.4.0' ],
331 silly audit   makeerror: [ '1.0.12' ],
331 silly audit   marky: [ '1.3.0' ],
331 silly audit   'memoize-one': [ '5.2.1' ],
331 silly audit   'merge-stream': [ '2.0.0' ],
331 silly audit   metro: [ '0.83.3' ],
331 silly audit   'metro-babel-transformer': [ '0.83.3' ],
331 silly audit   'metro-cache': [ '0.83.3' ],
331 silly audit   'metro-cache-key': [ '0.83.3' ],
331 silly audit   'metro-config': [ '0.83.3' ],
331 silly audit   'metro-core': [ '0.83.3' ],
331 silly audit   'metro-file-map': [ '0.83.3' ],
331 silly audit   'metro-minify-terser': [ '0.83.3' ],
331 silly audit   'metro-resolver': [ '0.83.3' ],
331 silly audit   'metro-runtime': [ '0.83.3' ],
331 silly audit   'metro-source-map': [ '0.83.3' ],
331 silly audit   'metro-symbolicate': [ '0.83.3' ],
331 silly audit   'metro-transform-plugins': [ '0.83.3' ],
331 silly audit   'metro-transform-worker': [ '0.83.3' ],
331 silly audit   micromatch: [ '4.0.8' ],
331 silly audit   mime: [ '1.6.0' ],
331 silly audit   'mime-db': [ '1.52.0' ],
331 silly audit   'mime-types': [ '2.1.35' ],
331 silly audit   'mimic-fn': [ '1.2.0' ],
331 silly audit   minimist: [ '1.2.8' ],
331 silly audit   minipass: [ '7.1.3' ],
331 silly audit   minizlib: [ '3.1.0' ],
331 silly audit   mkdirp: [ '1.0.4' ],
331 silly audit   mz: [ '2.7.0' ],
331 silly audit   nanoid: [ '3.3.11' ],
331 silly audit   'nested-error-stacks': [ '2.0.1' ],
331 silly audit   'node-forge': [ '1.3.3' ],
331 silly audit   'node-int64': [ '0.4.0' ],
331 silly audit   'node-releases': [ '2.0.27' ],
331 silly audit   'normalize-path': [ '3.0.0' ],
331 silly audit   'npm-package-arg': [ '11.0.3' ],
331 silly audit   nullthrows: [ '1.1.1' ],
331 silly audit   ob1: [ '0.83.3' ],
331 silly audit   'object-assign': [ '4.1.1' ],
331 silly audit   'on-finished': [ '2.3.0', '2.4.1' ],
331 silly audit   'on-headers': [ '1.1.0' ],
331 silly audit   once: [ '1.4.0' ],
331 silly audit   onetime: [ '2.0.1' ],
331 silly audit   ora: [ '3.4.0' ],
331 silly audit   'strip-ansi': [ '5.2.0', '6.0.1' ],
331 silly audit   'p-limit': [ '3.1.0', '2.3.0' ],
331 silly audit   'p-locate': [ '4.1.0' ],
331 silly audit   'p-try': [ '2.2.0' ],
331 silly audit   'parse-png': [ '2.1.0' ],
331 silly audit   parseurl: [ '1.3.3' ],
331 silly audit   'path-exists': [ '4.0.0' ],
331 silly audit   'path-is-absolute': [ '1.0.1' ],
331 silly audit   'path-key': [ '3.1.1' ],
331 silly audit   'path-parse': [ '1.0.7' ],
331 silly audit   'path-scurry': [ '2.0.2' ],
331 silly audit   picocolors: [ '1.1.1' ],
331 silly audit   pirates: [ '4.0.7' ],
331 silly audit   plist: [ '3.1.0' ],
331 silly audit   pngjs: [ '3.4.0' ],
331 silly audit   postcss: [ '8.4.49' ],
331 silly audit   'pretty-bytes': [ '5.6.0' ],
331 silly audit   'pretty-format': [ '29.7.0' ],
331 silly audit   'proc-log': [ '4.2.0' ],
331 silly audit   progress: [ '2.0.3' ],
331 silly audit   promise: [ '8.3.0' ],
331 silly audit   prompts: [ '2.4.2' ],
331 silly audit   punycode: [ '2.3.1' ],
331 silly audit   'qrcode-terminal': [ '0.11.0' ],
331 silly audit   queue: [ '6.0.2' ],
331 silly audit   'range-parser': [ '1.2.1' ],
331 silly audit   rc: [ '1.2.8' ],
331 silly audit   react: [ '19.1.0' ],
331 silly audit   'react-devtools-core': [ '6.1.5' ],
331 silly audit   'react-is': [ '18.3.1', '19.2.4', '16.13.1' ],
331 silly audit   'react-native': [ '0.81.5' ],
331 silly audit   'react-native-is-edge-to-edge': [ '1.2.1' ],
331 silly audit   '@react-native/virtualized-lists': [ '0.81.5' ],
331 silly audit   'react-refresh': [ '0.14.2' ],
331 silly audit   regenerate: [ '1.4.2' ],
331 silly audit   'regenerate-unicode-properties': [ '10.2.2' ],
331 silly audit   'regenerator-runtime': [ '0.13.11' ],
331 silly audit   'regexpu-core': [ '6.4.0' ],
331 silly audit   regjsgen: [ '0.8.0' ],
331 silly audit   regjsparser: [ '0.13.0' ],
331 silly audit   'require-directory': [ '2.1.1' ],
331 silly audit   'require-from-string': [ '2.0.2' ],
331 silly audit   requireg: [ '0.2.2' ],
331 silly audit   resolve: [ '1.7.1', '1.22.11' ],
331 silly audit   'resolve-from': [ '5.0.0' ],
331 silly audit   'resolve-global': [ '1.0.0' ],
331 silly audit   'resolve-workspace-root': [ '2.0.1' ],
331 silly audit   'resolve.exports': [ '2.0.3' ],
331 silly audit   'restore-cursor': [ '2.0.0' ],
331 silly audit   rimraf: [ '3.0.2' ],
331 silly audit   'safe-buffer': [ '5.2.1' ],
331 silly audit   sax: [ '1.4.4' ],
331 silly audit   scheduler: [ '0.26.0' ],
331 silly audit   send: [ '0.19.2' ],
331 silly audit   'serialize-error': [ '2.1.0' ],
331 silly audit   'serve-static': [ '1.16.3' ],
331 silly audit   setprototypeof: [ '1.2.0' ],
331 silly audit   'shebang-command': [ '2.0.0' ],
331 silly audit   'shebang-regex': [ '3.0.0' ],
331 silly audit   'shell-quote': [ '1.8.3' ],
331 silly audit   'signal-exit': [ '3.0.7' ],
331 silly audit   'simple-plist': [ '1.3.1' ],
331 silly audit   sisteransi: [ '1.0.5' ],
331 silly audit   slash: [ '3.0.0' ],
331 silly audit   slugify: [ '1.6.6' ],
331 silly audit   'source-map': [ '0.5.7', '0.6.1' ],
331 silly audit   'source-map-js': [ '1.2.1' ],
331 silly audit   'source-map-support': [ '0.5.21' ],
331 silly audit   'sprintf-js': [ '1.0.3' ],
331 silly audit   'stack-utils': [ '2.0.6' ],
331 silly audit   stackframe: [ '1.3.4' ],
331 silly audit   'stacktrace-parser': [ '0.1.11' ],
331 silly audit   'stream-buffers': [ '2.2.0' ],
331 silly audit   'string-width': [ '4.2.3' ],
331 silly audit   'strip-json-comments': [ '2.0.1' ],
331 silly audit   'structured-headers': [ '0.4.1' ],
331 silly audit   sucrase: [ '3.35.1' ],
331 silly audit   'supports-hyperlinks': [ '2.3.0' ],
331 silly audit   'supports-preserve-symlinks-flag': [ '1.0.0' ],
331 silly audit   tar: [ '7.5.9' ],
331 silly audit   yallist: [ '5.0.0', '3.1.1' ],
331 silly audit   'temp-dir': [ '2.0.0' ],
331 silly audit   'terminal-link': [ '2.1.1' ],
331 silly audit   terser: [ '5.46.0' ],
331 silly audit   'test-exclude': [ '6.0.0' ],
331 silly audit   thenify: [ '3.3.1' ],
331 silly audit   'thenify-all': [ '1.6.0' ],
331 silly audit   throat: [ '5.0.0' ],
331 silly audit   tinyglobby: [ '0.2.15' ],
331 silly audit   fdir: [ '6.5.0' ],
331 silly audit   tmpl: [ '1.0.5' ],
331 silly audit   'to-regex-range': [ '5.0.1' ],
331 silly audit   toidentifier: [ '1.0.1' ],
331 silly audit   'ts-interface-checker': [ '0.1.13' ],
331 silly audit   'type-detect': [ '4.0.8' ],
331 silly audit   typescript: [ '5.9.3' ],
331 silly audit   undici: [ '6.23.0' ],
331 silly audit   'undici-types': [ '7.18.2' ],
331 silly audit   'unicode-canonical-property-names-ecmascript': [ '2.0.1' ],
331 silly audit   'unicode-match-property-ecmascript': [ '2.0.0' ],
331 silly audit   'unicode-match-property-value-ecmascript': [ '2.2.1' ],
331 silly audit   'unicode-property-aliases-ecmascript': [ '2.2.0' ],
331 silly audit   'unique-string': [ '2.0.0' ],
331 silly audit   unpipe: [ '1.0.0' ],
331 silly audit   'update-browserslist-db': [ '1.2.3' ],
331 silly audit   'utils-merge': [ '1.0.1' ],
331 silly audit   uuid: [ '7.0.3' ],
331 silly audit   'validate-npm-package-name': [ '5.0.1' ],
331 silly audit   vary: [ '1.1.2' ],
331 silly audit   vlq: [ '1.0.1' ],
331 silly audit   walker: [ '1.0.8' ],
331 silly audit   wcwidth: [ '1.0.1' ],
331 silly audit   'webidl-conversions': [ '5.0.0' ],
331 silly audit   'whatwg-fetch': [ '3.6.20' ],
331 silly audit   'whatwg-url-without-unicode': [ '8.0.0-3' ],
331 silly audit   which: [ '2.0.2' ],
331 silly audit   wonka: [ '6.3.5' ],
331 silly audit   'wrap-ansi': [ '7.0.0' ],
331 silly audit   wrappy: [ '1.0.2' ],
331 silly audit   'write-file-atomic': [ '4.0.2' ],
331 silly audit   xcode: [ '3.0.1' ],
331 silly audit   xml2js: [ '0.6.0' ],
331 silly audit   xmlbuilder: [ '11.0.1', '15.1.1' ],
331 silly audit   y18n: [ '5.0.8' ],
331 silly audit   yaml: [ '2.8.2' ],
331 silly audit   yargs: [ '17.7.2' ],
331 silly audit   'yargs-parser': [ '21.1.1' ],
331 silly audit   'yocto-queue': [ '0.1.0' ],
331 silly audit   '@react-native-async-storage/async-storage': [ '2.2.0' ],
331 silly audit   '@react-navigation/bottom-tabs': [ '7.14.0' ],
331 silly audit   '@react-navigation/native': [ '7.1.28' ],
331 silly audit   '@react-navigation/native-stack': [ '7.13.0' ],
331 silly audit   'date-fns': [ '4.1.0' ],
331 silly audit   'react-native-gesture-handler': [ '2.30.0' ],
331 silly audit   'react-native-reanimated': [ '4.2.2' ],
331 silly audit   'react-native-worklets': [ '0.7.4' ],
331 silly audit   'react-native-safe-area-context': [ '5.6.2' ],
331 silly audit   'react-native-screens': [ '4.23.0' ],
331 silly audit   'merge-options': [ '3.0.4' ],
331 silly audit   '@react-navigation/elements': [ '2.9.5' ],
331 silly audit   color: [ '4.2.3' ],
331 silly audit   'sf-symbols-typescript': [ '2.2.0' ],
331 silly audit   'use-latest-callback': [ '0.2.6' ],
331 silly audit   'use-sync-external-store': [ '1.6.0' ],
331 silly audit   '@react-navigation/core': [ '7.14.0' ],
331 silly audit   'fast-deep-equal': [ '3.1.3' ],
331 silly audit   '@react-navigation/routers': [ '7.5.3' ],
331 silly audit   'query-string': [ '7.1.3' ],
331 silly audit   'warn-once': [ '0.1.1' ],
331 silly audit   'color-string': [ '1.9.1' ],
331 silly audit   'simple-swizzle': [ '0.2.4' ],
331 silly audit   'is-plain-obj': [ '2.1.0' ],
331 silly audit   'decode-uri-component': [ '0.2.2' ],
331 silly audit   'filter-obj': [ '1.1.0' ],
331 silly audit   'split-on-first': [ '1.1.0' ],
331 silly audit   'strict-uri-encode': [ '2.0.0' ],
331 silly audit   '@egjs/hammerjs': [ '2.0.17' ],
331 silly audit   'hoist-non-react-statics': [ '3.3.2' ],
331 silly audit   '@types/hammerjs': [ '2.0.46' ],
331 silly audit   'react-freeze': [ '1.0.4' ],
331 silly audit   '@babel/plugin-transform-template-literals': [ '7.27.1' ],
331 silly audit   'is-arrayish': [ '0.3.4' ]
331 silly audit }
332 verbose reify failed optional dependency C:\Users\Ayano\Desktop\mono-app\node_modules\lightningcss-win32-arm64-msvc
333 silly reify mark deleted [
333 silly reify   'C:\\Users\\Ayano\\Desktop\\mono-app\\node_modules\\lightningcss-win32-arm64-msvc'
333 silly reify ]
334 verbose reify failed optional dependency C:\Users\Ayano\Desktop\mono-app\node_modules\lightningcss-linux-x64-musl
335 silly reify mark deleted [
335 silly reify   'C:\\Users\\Ayano\\Desktop\\mono-app\\node_modules\\lightningcss-linux-x64-musl'
335 silly reify ]
336 verbose reify failed optional dependency C:\Users\Ayano\Desktop\mono-app\node_modules\lightningcss-linux-x64-gnu
337 silly reify mark deleted [
337 silly reify   'C:\\Users\\Ayano\\Desktop\\mono-app\\node_modules\\lightningcss-linux-x64-gnu'
337 silly reify ]
338 verbose reify failed optional dependency C:\Users\Ayano\Desktop\mono-app\node_modules\lightningcss-linux-arm64-musl
339 silly reify mark deleted [
339 silly reify   'C:\\Users\\Ayano\\Desktop\\mono-app\\node_modules\\lightningcss-linux-arm64-musl'
339 silly reify ]
340 verbose reify failed optional dependency C:\Users\Ayano\Desktop\mono-app\node_modules\lightningcss-linux-arm64-gnu
341 silly reify mark deleted [
341 silly reify   'C:\\Users\\Ayano\\Desktop\\mono-app\\node_modules\\lightningcss-linux-arm64-gnu'
341 silly reify ]
342 verbose reify failed optional dependency C:\Users\Ayano\Desktop\mono-app\node_modules\lightningcss-linux-arm-gnueabihf
343 silly reify mark deleted [
343 silly reify   'C:\\Users\\Ayano\\Desktop\\mono-app\\node_modules\\lightningcss-linux-arm-gnueabihf'
343 silly reify ]
344 verbose reify failed optional dependency C:\Users\Ayano\Desktop\mono-app\node_modules\lightningcss-freebsd-x64
345 silly reify mark deleted [
345 silly reify   'C:\\Users\\Ayano\\Desktop\\mono-app\\node_modules\\lightningcss-freebsd-x64'
345 silly reify ]
346 verbose reify failed optional dependency C:\Users\Ayano\Desktop\mono-app\node_modules\lightningcss-darwin-x64
347 silly reify mark deleted [
347 silly reify   'C:\\Users\\Ayano\\Desktop\\mono-app\\node_modules\\lightningcss-darwin-x64'
347 silly reify ]
348 verbose reify failed optional dependency C:\Users\Ayano\Desktop\mono-app\node_modules\lightningcss-darwin-arm64
349 silly reify mark deleted [
349 silly reify   'C:\\Users\\Ayano\\Desktop\\mono-app\\node_modules\\lightningcss-darwin-arm64'
349 silly reify ]
350 verbose reify failed optional dependency C:\Users\Ayano\Desktop\mono-app\node_modules\lightningcss-android-arm64
351 silly reify mark deleted [
351 silly reify   'C:\\Users\\Ayano\\Desktop\\mono-app\\node_modules\\lightningcss-android-arm64'
351 silly reify ]
352 verbose reify failed optional dependency C:\Users\Ayano\Desktop\mono-app\node_modules\fsevents
353 silly reify mark deleted [ 'C:\\Users\\Ayano\\Desktop\\mono-app\\node_modules\\fsevents' ]
354 http fetch POST 404 https://registry.npmmirror.com/-/npm/v1/security/advisories/bulk 48ms
355 silly audit bulk request failed [object Object]
356 http cache is-arrayish@https://registry.npmmirror.com/is-arrayish/-/is-arrayish-0.3.4.tgz 0ms (cache hit)
357 http cache @babel/plugin-transform-template-literals@https://registry.npmmirror.com/@babel/plugin-transform-template-literals/-/plugin-transform-template-literals-7.27.1.tgz 0ms (cache hit)
358 http cache react-freeze@https://registry.npmmirror.com/react-freeze/-/react-freeze-1.0.4.tgz 0ms (cache hit)
359 http cache hoist-non-react-statics@https://registry.npmmirror.com/hoist-non-react-statics/-/hoist-non-react-statics-3.3.2.tgz 0ms (cache hit)
360 http cache @types/hammerjs@https://registry.npmmirror.com/@types/hammerjs/-/hammerjs-2.0.46.tgz 0ms (cache hit)
361 http cache @egjs/hammerjs@https://registry.npmmirror.com/@egjs/hammerjs/-/hammerjs-2.0.17.tgz 0ms (cache hit)
362 http cache strict-uri-encode@https://registry.npmmirror.com/strict-uri-encode/-/strict-uri-encode-2.0.0.tgz 0ms (cache hit)
363 http cache filter-obj@https://registry.npmmirror.com/filter-obj/-/filter-obj-1.1.0.tgz 0ms (cache hit)
364 http cache decode-uri-component@https://registry.npmmirror.com/decode-uri-component/-/decode-uri-component-0.2.2.tgz 0ms (cache hit)
365 http cache split-on-first@https://registry.npmmirror.com/split-on-first/-/split-on-first-1.1.0.tgz 0ms (cache hit)
366 http cache simple-swizzle@https://registry.npmmirror.com/simple-swizzle/-/simple-swizzle-0.2.4.tgz 0ms (cache hit)
367 http cache is-plain-obj@https://registry.npmmirror.com/is-plain-obj/-/is-plain-obj-2.1.0.tgz 0ms (cache hit)
368 http cache color-string@https://registry.npmmirror.com/color-string/-/color-string-1.9.1.tgz 0ms (cache hit)
369 http cache warn-once@https://registry.npmmirror.com/warn-once/-/warn-once-0.1.1.tgz 0ms (cache hit)
370 http cache @react-navigation/core@https://registry.npmmirror.com/@react-navigation/core/-/core-7.14.0.tgz 0ms (cache hit)
371 http cache @react-navigation/routers@https://registry.npmmirror.com/@react-navigation/routers/-/routers-7.5.3.tgz 1ms (cache hit)
372 http cache query-string@https://registry.npmmirror.com/query-string/-/query-string-7.1.3.tgz 0ms (cache hit)
373 http cache fast-deep-equal@https://registry.npmmirror.com/fast-deep-equal/-/fast-deep-equal-3.1.3.tgz 0ms (cache hit)
374 http cache use-sync-external-store@https://registry.npmmirror.com/use-sync-external-store/-/use-sync-external-store-1.6.0.tgz 0ms (cache hit)
375 http cache use-latest-callback@https://registry.npmmirror.com/use-latest-callback/-/use-latest-callback-0.2.6.tgz 0ms (cache hit)
376 http cache color@https://registry.npmmirror.com/color/-/color-4.2.3.tgz 0ms (cache hit)
377 http cache @react-navigation/elements@https://registry.npmmirror.com/@react-navigation/elements/-/elements-2.9.5.tgz 0ms (cache hit)
378 http cache sf-symbols-typescript@https://registry.npmmirror.com/sf-symbols-typescript/-/sf-symbols-typescript-2.2.0.tgz 0ms (cache hit)
379 http cache merge-options@https://registry.npmmirror.com/merge-options/-/merge-options-3.0.4.tgz 0ms (cache hit)
380 http cache react-native-safe-area-context@https://registry.npmmirror.com/react-native-safe-area-context/-/react-native-safe-area-context-5.6.2.tgz 0ms (cache hit)
381 http cache react-native-screens@https://registry.npmmirror.com/react-native-screens/-/react-native-screens-4.23.0.tgz 0ms (cache hit)
382 http cache @react-navigation/native-stack@https://registry.npmmirror.com/@react-navigation/native-stack/-/native-stack-7.13.0.tgz 0ms (cache hit)
383 http cache react-native-reanimated@https://registry.npmmirror.com/react-native-reanimated/-/react-native-reanimated-4.2.2.tgz 0ms (cache hit)
384 http cache @react-navigation/native@https://registry.npmmirror.com/@react-navigation/native/-/native-7.1.28.tgz 0ms (cache hit)
385 http cache react-native-gesture-handler@https://registry.npmmirror.com/react-native-gesture-handler/-/react-native-gesture-handler-2.30.0.tgz 0ms (cache hit)
386 http cache @react-native-async-storage/async-storage@https://registry.npmmirror.com/@react-native-async-storage/async-storage/-/async-storage-2.2.0.tgz 0ms (cache hit)
387 http cache date-fns@https://registry.npmmirror.com/date-fns/-/date-fns-4.1.0.tgz 1ms (cache hit)
388 http cache react-native-worklets@https://registry.npmmirror.com/react-native-worklets/-/react-native-worklets-0.7.4.tgz 0ms (cache hit)
389 http cache @react-navigation/bottom-tabs@https://registry.npmmirror.com/@react-navigation/bottom-tabs/-/bottom-tabs-7.14.0.tgz 0ms (cache hit)
390 http cache color-name@https://registry.npmmirror.com/color-name/-/color-name-1.1.4.tgz 0ms (cache hit)
391 http cache react-is@https://registry.npmmirror.com/react-is/-/react-is-19.2.4.tgz 0ms (cache hit)
392 http cache react-is@https://registry.npmmirror.com/react-is/-/react-is-16.13.1.tgz 0ms (cache hit)
393 http cache escape-string-regexp@https://registry.npmmirror.com/escape-string-regexp/-/escape-string-regexp-4.0.0.tgz 0ms (cache hit)
394 http cache color-convert@https://registry.npmmirror.com/color-convert/-/color-convert-2.0.1.tgz 0ms (cache hit)
395 http cache semver@https://registry.npmmirror.com/semver/-/semver-7.7.3.tgz 0ms (cache hit)
396 http cache escape-string-regexp@https://registry.npmmirror.com/escape-string-regexp/-/escape-string-regexp-4.0.0.tgz 0ms (cache hit)
397 http cache @babel/preset-typescript@https://registry.npmmirror.com/@babel/preset-typescript/-/preset-typescript-7.27.1.tgz 0ms (cache hit)
398 http cache @babel/plugin-transform-optional-chaining@https://registry.npmmirror.com/@babel/plugin-transform-optional-chaining/-/plugin-transform-optional-chaining-7.27.1.tgz 0ms (cache hit)
399 http cache @babel/plugin-transform-nullish-coalescing-operator@https://registry.npmmirror.com/@babel/plugin-transform-nullish-coalescing-operator/-/plugin-transform-nullish-coalescing-operator-7.27.1.tgz 1ms (cache hit)
400 http cache @babel/plugin-transform-classes@https://registry.npmmirror.com/@babel/plugin-transform-classes/-/plugin-transform-classes-7.28.4.tgz 0ms (cache hit)
401 http cache @babel/plugin-transform-class-properties@https://registry.npmmirror.com/@babel/plugin-transform-class-properties/-/plugin-transform-class-properties-7.27.1.tgz 0ms (cache hit)
402 http cache semver@https://registry.npmmirror.com/semver/-/semver-7.7.3.tgz 0ms (cache hit)
403 silly tarball no local data for is-arrayish@https://registry.npmmirror.com/is-arrayish/-/is-arrayish-0.3.4.tgz. Extracting by manifest.
404 silly tarball no local data for @babel/plugin-transform-template-literals@https://registry.npmmirror.com/@babel/plugin-transform-template-literals/-/plugin-transform-template-literals-7.27.1.tgz. Extracting by manifest.
405 silly tarball no local data for react-freeze@https://registry.npmmirror.com/react-freeze/-/react-freeze-1.0.4.tgz. Extracting by manifest.
406 silly tarball no local data for hoist-non-react-statics@https://registry.npmmirror.com/hoist-non-react-statics/-/hoist-non-react-statics-3.3.2.tgz. Extracting by manifest.
407 silly tarball no local data for @types/hammerjs@https://registry.npmmirror.com/@types/hammerjs/-/hammerjs-2.0.46.tgz. Extracting by manifest.
408 silly tarball no local data for @egjs/hammerjs@https://registry.npmmirror.com/@egjs/hammerjs/-/hammerjs-2.0.17.tgz. Extracting by manifest.
409 http fetch POST 404 https://registry.npmmirror.com/-/npm/v1/security/audits/quick 69ms
410 verbose audit error HttpErrorGeneral: 404 Not Found - POST https://registry.npmmirror.com/-/npm/v1/security/audits/quick - [NOT_IMPLEMENTED] /-/npm/v1/security/* not implemented yet
410 verbose audit error     at C:\Program Files\nodejs\node_modules\npm\node_modules\npm-registry-fetch\lib\check-response.js:103:15
410 verbose audit error     at process.processTicksAndRejections (node:internal/process/task_queues:105:5)
410 verbose audit error     at async [getReport] (C:\Program Files\nodejs\node_modules\npm\node_modules\@npmcli\arborist\lib\audit-report.js:336:21)
410 verbose audit error     at async AuditReport.run (C:\Program Files\nodejs\node_modules\npm\node_modules\@npmcli\arborist\lib\audit-report.js:106:19) {
410 verbose audit error   headers: [Object: null prototype] {
410 verbose audit error     server: [ 'Tengine' ],
410 verbose audit error     date: [ 'Mon, 23 Feb 2026 08:45:00 GMT' ],
410 verbose audit error     'content-type': [ 'application/json' ],
410 verbose audit error     'transfer-encoding': [ 'chunked' ],
410 verbose audit error     connection: [ 'keep-alive' ],
410 verbose audit error     'strict-transport-security': [ 'max-age=5184000' ],
410 verbose audit error     via: [ 'kunlun3.cn7892[,404666]' ],
410 verbose audit error     'timing-allow-origin': [ '*' ],
410 verbose audit error     eagleid: [ 'b7f0ed1717718363003481234e' ],
410 verbose audit error     'x-fetch-attempts': [ '1' ]
410 verbose audit error   },
410 verbose audit error   statusCode: 404,
410 verbose audit error   code: 'E404',
410 verbose audit error   method: 'POST',
410 verbose audit error   uri: 'https://registry.npmmirror.com/-/npm/v1/security/audits/quick',
410 verbose audit error   body: {
410 verbose audit error     error: '[NOT_IMPLEMENTED] /-/npm/v1/security/* not implemented yet'
410 verbose audit error   },
410 verbose audit error   pkgid: undefined
410 verbose audit error }
411 silly audit error [object Object]
412 silly audit report null
413 silly tarball no local data for strict-uri-encode@https://registry.npmmirror.com/strict-uri-encode/-/strict-uri-encode-2.0.0.tgz. Extracting by manifest.
414 silly tarball no local data for filter-obj@https://registry.npmmirror.com/filter-obj/-/filter-obj-1.1.0.tgz. Extracting by manifest.
415 silly tarball no local data for decode-uri-component@https://registry.npmmirror.com/decode-uri-component/-/decode-uri-component-0.2.2.tgz. Extracting by manifest.
416 silly tarball no local data for split-on-first@https://registry.npmmirror.com/split-on-first/-/split-on-first-1.1.0.tgz. Extracting by manifest.
417 silly tarball no local data for simple-swizzle@https://registry.npmmirror.com/simple-swizzle/-/simple-swizzle-0.2.4.tgz. Extracting by manifest.
418 silly tarball no local data for is-plain-obj@https://registry.npmmirror.com/is-plain-obj/-/is-plain-obj-2.1.0.tgz. Extracting by manifest.
419 silly tarball no local data for color-string@https://registry.npmmirror.com/color-string/-/color-string-1.9.1.tgz. Extracting by manifest.
420 silly tarball no local data for warn-once@https://registry.npmmirror.com/warn-once/-/warn-once-0.1.1.tgz. Extracting by manifest.
421 silly tarball no local data for @react-navigation/core@https://registry.npmmirror.com/@react-navigation/core/-/core-7.14.0.tgz. Extracting by manifest.
422 silly tarball no local data for @react-navigation/routers@https://registry.npmmirror.com/@react-navigation/routers/-/routers-7.5.3.tgz. Extracting by manifest.
423 silly tarball no local data for query-string@https://registry.npmmirror.com/query-string/-/query-string-7.1.3.tgz. Extracting by manifest.
424 silly tarball no local data for fast-deep-equal@https://registry.npmmirror.com/fast-deep-equal/-/fast-deep-equal-3.1.3.tgz. Extracting by manifest.
425 silly tarball no local data for use-sync-external-store@https://registry.npmmirror.com/use-sync-external-store/-/use-sync-external-store-1.6.0.tgz. Extracting by manifest.
426 silly tarball no local data for use-latest-callback@https://registry.npmmirror.com/use-latest-callback/-/use-latest-callback-0.2.6.tgz. Extracting by manifest.
427 silly tarball no local data for color@https://registry.npmmirror.com/color/-/color-4.2.3.tgz. Extracting by manifest.
428 silly tarball no local data for @react-navigation/elements@https://registry.npmmirror.com/@react-navigation/elements/-/elements-2.9.5.tgz. Extracting by manifest.
429 silly tarball no local data for sf-symbols-typescript@https://registry.npmmirror.com/sf-symbols-typescript/-/sf-symbols-typescript-2.2.0.tgz. Extracting by manifest.
430 silly tarball no local data for merge-options@https://registry.npmmirror.com/merge-options/-/merge-options-3.0.4.tgz. Extracting by manifest.
431 silly tarball no local data for react-native-safe-area-context@https://registry.npmmirror.com/react-native-safe-area-context/-/react-native-safe-area-context-5.6.2.tgz. Extracting by manifest.
432 silly tarball no local data for react-native-screens@https://registry.npmmirror.com/react-native-screens/-/react-native-screens-4.23.0.tgz. Extracting by manifest.
433 silly tarball no local data for @react-navigation/native-stack@https://registry.npmmirror.com/@react-navigation/native-stack/-/native-stack-7.13.0.tgz. Extracting by manifest.
434 silly tarball no local data for react-native-reanimated@https://registry.npmmirror.com/react-native-reanimated/-/react-native-reanimated-4.2.2.tgz. Extracting by manifest.
435 silly tarball no local data for @react-navigation/native@https://registry.npmmirror.com/@react-navigation/native/-/native-7.1.28.tgz. Extracting by manifest.
436 silly tarball no local data for react-native-gesture-handler@https://registry.npmmirror.com/react-native-gesture-handler/-/react-native-gesture-handler-2.30.0.tgz. Extracting by manifest.
437 silly tarball no local data for @react-native-async-storage/async-storage@https://registry.npmmirror.com/@react-native-async-storage/async-storage/-/async-storage-2.2.0.tgz. Extracting by manifest.
438 silly tarball no local data for date-fns@https://registry.npmmirror.com/date-fns/-/date-fns-4.1.0.tgz. Extracting by manifest.
439 silly tarball no local data for react-native-worklets@https://registry.npmmirror.com/react-native-worklets/-/react-native-worklets-0.7.4.tgz. Extracting by manifest.
440 silly tarball no local data for @react-navigation/bottom-tabs@https://registry.npmmirror.com/@react-navigation/bottom-tabs/-/bottom-tabs-7.14.0.tgz. Extracting by manifest.
441 silly tarball no local data for color-name@https://registry.npmmirror.com/color-name/-/color-name-1.1.4.tgz. Extracting by manifest.
442 silly tarball no local data for react-is@https://registry.npmmirror.com/react-is/-/react-is-19.2.4.tgz. Extracting by manifest.
443 silly tarball no local data for react-is@https://registry.npmmirror.com/react-is/-/react-is-16.13.1.tgz. Extracting by manifest.
444 silly tarball no local data for escape-string-regexp@https://registry.npmmirror.com/escape-string-regexp/-/escape-string-regexp-4.0.0.tgz. Extracting by manifest.
445 silly tarball no local data for color-convert@https://registry.npmmirror.com/color-convert/-/color-convert-2.0.1.tgz. Extracting by manifest.
446 silly tarball no local data for semver@https://registry.npmmirror.com/semver/-/semver-7.7.3.tgz. Extracting by manifest.
447 silly tarball no local data for escape-string-regexp@https://registry.npmmirror.com/escape-string-regexp/-/escape-string-regexp-4.0.0.tgz. Extracting by manifest.
448 silly tarball no local data for @babel/preset-typescript@https://registry.npmmirror.com/@babel/preset-typescript/-/preset-typescript-7.27.1.tgz. Extracting by manifest.
449 silly tarball no local data for @babel/plugin-transform-optional-chaining@https://registry.npmmirror.com/@babel/plugin-transform-optional-chaining/-/plugin-transform-optional-chaining-7.27.1.tgz. Extracting by manifest.
450 silly tarball no local data for @babel/plugin-transform-nullish-coalescing-operator@https://registry.npmmirror.com/@babel/plugin-transform-nullish-coalescing-operator/-/plugin-transform-nullish-coalescing-operator-7.27.1.tgz. Extracting by manifest.
451 silly tarball no local data for @babel/plugin-transform-classes@https://registry.npmmirror.com/@babel/plugin-transform-classes/-/plugin-transform-classes-7.28.4.tgz. Extracting by manifest.
452 silly tarball no local data for @babel/plugin-transform-class-properties@https://registry.npmmirror.com/@babel/plugin-transform-class-properties/-/plugin-transform-class-properties-7.27.1.tgz. Extracting by manifest.
453 silly tarball no local data for semver@https://registry.npmmirror.com/semver/-/semver-7.7.3.tgz. Extracting by manifest.
454 http fetch GET 200 https://cdn.npmmirror.com/packages/filter-obj/1.1.0/filter-obj-1.1.0.tgz 1192ms (cache miss)
455 http fetch GET 200 https://cdn.npmmirror.com/packages/react-freeze/1.0.4/react-freeze-1.0.4.tgz 1222ms (cache miss)
456 http fetch GET 200 https://cdn.npmmirror.com/packages/decode-uri-component/0.2.2/decode-uri-component-0.2.2.tgz 1218ms (cache miss)
457 http fetch GET 200 https://cdn.npmmirror.com/packages/color-string/1.9.1/color-string-1.9.1.tgz 1237ms (cache miss)
458 http fetch GET 200 https://cdn.npmmirror.com/packages/split-on-first/1.1.0/split-on-first-1.1.0.tgz 1242ms (cache miss)
459 http fetch GET 200 https://cdn.npmmirror.com/packages/%40babel/plugin-transform-template-literals/7.27.1/plugin-transform-template-literals-7.27.1.tgz 1276ms (cache miss)
460 http fetch GET 200 https://cdn.npmmirror.com/packages/%40types/hammerjs/2.0.46/hammerjs-2.0.46.tgz 1271ms (cache miss)
461 http fetch GET 200 https://cdn.npmmirror.com/packages/is-plain-obj/2.1.0/is-plain-obj-2.1.0.tgz 1258ms (cache miss)
462 http fetch GET 200 https://cdn.npmmirror.com/packages/is-arrayish/0.3.4/is-arrayish-0.3.4.tgz 1296ms (cache miss)
463 http fetch GET 200 https://cdn.npmmirror.com/packages/simple-swizzle/0.2.4/simple-swizzle-0.2.4.tgz 1267ms (cache miss)
464 http fetch GET 200 https://cdn.npmmirror.com/packages/warn-once/0.1.1/warn-once-0.1.1.tgz 1265ms (cache miss)
465 http fetch GET 200 https://cdn.npmmirror.com/packages/fast-deep-equal/3.1.3/fast-deep-equal-3.1.3.tgz 1260ms (cache miss)
466 http fetch GET 200 https://cdn.npmmirror.com/packages/use-sync-external-store/1.6.0/use-sync-external-store-1.6.0.tgz 1274ms (cache miss)
467 http fetch GET 200 https://cdn.npmmirror.com/packages/use-latest-callback/0.2.6/use-latest-callback-0.2.6.tgz 1279ms (cache miss)
468 http fetch GET 200 https://cdn.npmmirror.com/packages/color/4.2.3/color-4.2.3.tgz 1279ms (cache miss)
469 http fetch GET 200 https://cdn.npmmirror.com/packages/strict-uri-encode/2.0.0/strict-uri-encode-2.0.0.tgz 1306ms (cache miss)
470 http fetch GET 200 https://cdn.npmmirror.com/packages/hoist-non-react-statics/3.3.2/hoist-non-react-statics-3.3.2.tgz 1327ms (cache miss)
471 http fetch GET 200 https://cdn.npmmirror.com/packages/query-string/7.1.3/query-string-7.1.3.tgz 1316ms (cache miss)
472 http fetch GET 200 https://cdn.npmmirror.com/packages/color-name/1.1.4/color-name-1.1.4.tgz 1298ms (cache miss)
473 http fetch GET 200 https://cdn.npmmirror.com/packages/escape-string-regexp/4.0.0/escape-string-regexp-4.0.0.tgz 1291ms (cache miss)
474 http fetch GET 200 https://cdn.npmmirror.com/packages/merge-options/3.0.4/merge-options-3.0.4.tgz 1324ms (cache miss)
475 http fetch GET 200 https://cdn.npmmirror.com/packages/%40babel/preset-typescript/7.27.1/preset-typescript-7.27.1.tgz 1314ms (cache miss)
476 http fetch GET 200 https://cdn.npmmirror.com/packages/escape-string-regexp/4.0.0/escape-string-regexp-4.0.0.tgz 1325ms (cache miss)
477 http fetch GET 200 https://cdn.npmmirror.com/packages/react-is/19.2.4/react-is-19.2.4.tgz 1329ms (cache miss)
478 http fetch GET 200 https://cdn.npmmirror.com/packages/react-is/16.13.1/react-is-16.13.1.tgz 1337ms (cache miss)
479 http fetch GET 200 https://cdn.npmmirror.com/packages/%40babel/plugin-transform-nullish-coalescing-operator/7.27.1/plugin-transform-nullish-coalescing-operator-7.27.1.tgz 1335ms (cache miss)
480 http fetch GET 200 https://cdn.npmmirror.com/packages/%40babel/plugin-transform-optional-chaining/7.27.1/plugin-transform-optional-chaining-7.27.1.tgz 1341ms (cache miss)
481 http fetch GET 200 https://cdn.npmmirror.com/packages/color-convert/2.0.1/color-convert-2.0.1.tgz 1357ms (cache miss)
482 http fetch GET 200 https://cdn.npmmirror.com/packages/%40babel/plugin-transform-class-properties/7.27.1/plugin-transform-class-properties-7.27.1.tgz 1362ms (cache miss)
483 http fetch GET 200 https://cdn.npmmirror.com/packages/sf-symbols-typescript/2.2.0/sf-symbols-typescript-2.2.0.tgz 1477ms (cache miss)
484 http fetch GET 200 https://cdn.npmmirror.com/packages/%40babel/plugin-transform-classes/7.28.4/plugin-transform-classes-7.28.4.tgz 1504ms (cache miss)
485 http fetch GET 200 https://cdn.npmmirror.com/packages/semver/7.7.3/semver-7.7.3.tgz 2160ms (cache miss)
486 http fetch GET 200 https://cdn.npmmirror.com/packages/semver/7.7.3/semver-7.7.3.tgz 2161ms (cache miss)
487 http fetch GET 200 https://cdn.npmmirror.com/packages/%40react-navigation/routers/7.5.3/routers-7.5.3.tgz 2201ms (cache miss)
488 http fetch GET 200 https://cdn.npmmirror.com/packages/%40react-navigation/native-stack/7.13.0/native-stack-7.13.0.tgz 2673ms (cache miss)
489 http fetch GET 200 https://cdn.npmmirror.com/packages/%40egjs/hammerjs/2.0.17/hammerjs-2.0.17.tgz 3154ms (cache miss)
490 http fetch GET 200 https://cdn.npmmirror.com/packages/%40react-native-async-storage/async-storage/2.2.0/async-storage-2.2.0.tgz 3328ms (cache miss)
491 http fetch GET 200 https://cdn.npmmirror.com/packages/%40react-navigation/native/7.1.28/native-7.1.28.tgz 3423ms (cache miss)
492 http fetch GET 200 https://cdn.npmmirror.com/packages/%40react-navigation/bottom-tabs/7.14.0/bottom-tabs-7.14.0.tgz 3466ms (cache miss)
493 http fetch GET 200 https://cdn.npmmirror.com/packages/react-native-safe-area-context/5.6.2/react-native-safe-area-context-5.6.2.tgz 3768ms (cache miss)
494 http fetch GET 200 https://cdn.npmmirror.com/packages/%40react-navigation/elements/2.9.5/elements-2.9.5.tgz 4041ms (cache miss)
495 http fetch GET 200 https://cdn.npmmirror.com/packages/%40react-navigation/core/7.14.0/core-7.14.0.tgz 4742ms (cache miss)
496 http fetch GET 200 https://cdn.npmmirror.com/packages/react-native-worklets/0.7.4/react-native-worklets-0.7.4.tgz 5008ms (cache miss)
497 http fetch GET 200 https://cdn.npmmirror.com/packages/react-native-gesture-handler/2.30.0/react-native-gesture-handler-2.30.0.tgz 9071ms (cache miss)
498 http fetch GET 200 https://cdn.npmmirror.com/packages/react-native-screens/4.23.0/react-native-screens-4.23.0.tgz 9160ms (cache miss)
499 http fetch GET 200 https://cdn.npmmirror.com/packages/react-native-reanimated/4.2.2/react-native-reanimated-4.2.2.tgz 11836ms (cache miss)
500 http fetch GET 200 https://cdn.npmmirror.com/packages/date-fns/4.1.0/date-fns-4.1.0.tgz 26942ms (cache miss)
501 silly ADD node_modules/is-arrayish
502 silly ADD node_modules/@babel/plugin-transform-template-literals
503 silly ADD node_modules/react-freeze
504 silly ADD node_modules/@types/hammerjs
505 silly ADD node_modules/hoist-non-react-statics
506 silly ADD node_modules/hoist-non-react-statics/node_modules/react-is
507 silly ADD node_modules/@egjs/hammerjs
508 silly ADD node_modules/strict-uri-encode
509 silly ADD node_modules/split-on-first
510 silly ADD node_modules/filter-obj
511 silly ADD node_modules/decode-uri-component
512 silly ADD node_modules/is-plain-obj
513 silly ADD node_modules/simple-swizzle
514 silly ADD node_modules/color-string
515 silly ADD node_modules/warn-once
516 silly ADD node_modules/query-string
517 silly ADD node_modules/@react-navigation/routers
518 silly ADD node_modules/fast-deep-equal
519 silly ADD node_modules/@react-navigation/core
520 silly ADD node_modules/@react-navigation/core/node_modules/react-is
521 silly ADD node_modules/@react-navigation/core/node_modules/escape-string-regexp
522 silly ADD node_modules/use-sync-external-store
523 silly ADD node_modules/use-latest-callback
524 silly ADD node_modules/sf-symbols-typescript
525 silly ADD node_modules/color
526 silly ADD node_modules/color/node_modules/color-name
527 silly ADD node_modules/color/node_modules/color-convert
528 silly ADD node_modules/@react-navigation/elements
529 silly ADD node_modules/merge-options
530 silly ADD node_modules/react-native-screens
531 silly ADD node_modules/react-native-safe-area-context
532 silly ADD node_modules/react-native-worklets
533 silly ADD node_modules/react-native-worklets/node_modules/semver
534 silly ADD node_modules/react-native-worklets/node_modules/@babel/preset-typescript
535 silly ADD node_modules/react-native-worklets/node_modules/@babel/plugin-transform-optional-chaining
536 silly ADD node_modules/react-native-worklets/node_modules/@babel/plugin-transform-nullish-coalescing-operator
537 silly ADD node_modules/react-native-worklets/node_modules/@babel/plugin-transform-classes
538 silly ADD node_modules/react-native-worklets/node_modules/@babel/plugin-transform-class-properties
539 silly ADD node_modules/react-native-reanimated
540 silly ADD node_modules/react-native-reanimated/node_modules/semver
541 silly ADD node_modules/react-native-gesture-handler
542 silly ADD node_modules/date-fns
543 silly ADD node_modules/@react-navigation/native-stack
544 silly ADD node_modules/@react-navigation/native
545 silly ADD node_modules/@react-navigation/native/node_modules/escape-string-regexp
546 silly ADD node_modules/@react-navigation/bottom-tabs
547 silly ADD node_modules/@react-native-async-storage/async-storage
548 silly ADD
549 silly ADD
550 silly ADD
551 silly ADD
552 silly ADD
553 silly ADD
554 silly ADD
555 silly ADD
556 silly ADD
557 silly ADD
558 silly ADD
559 verbose cwd C:\Users\Ayano\Desktop\mono-app
560 verbose os Windows_NT 10.0.22631
561 verbose node v22.18.0
562 verbose npm  v10.9.3
563 notice
563 notice New [31mmajor[39m version of npm available! [31m10.9.3[39m -> [34m11.10.1[39m
563 notice Changelog: [34mhttps://github.com/npm/cli/releases/tag/v11.10.1[39m
563 notice To update run: [4mnpm install -g npm@11.10.1[24m
563 notice  { force: true, [Symbol(proc-log.meta)]: true }
564 verbose exit 0
565 info ok
